SCIP version 7.0.2 [precision: 8 byte] [memory: block] [mode: optimized] [LP solver: SoPlex 5.0.2] [GitHash: dafb536cfd]
Copyright (C) 2002-2020 Konrad-Zuse-Zentrum fuer Informationstechnik Berlin (ZIB)

External codes: 
  Readline 7.0         GNU library for command line editing (gnu.org/s/readline)
  SoPlex 5.0.2         Linear Programming Solver developed at Zuse Institute Berlin (soplex.zib.de) [GitHash: 3623dbc0]
  CppAD 20180000.0     Algorithmic Differentiation of C++ algorithms developed by B. Bell (www.coin-or.org/CppAD)
  ZLIB 1.2.11          General purpose compression library by J. Gailly and M. Adler (zlib.net)
  GMP 6.1.2            GNU Multiple Precision Arithmetic Library developed by T. Granlund (gmplib.org)
  ZIMPL 3.4.0          Zuse Institute Mathematical Programming Language developed by T. Koch (zimpl.zib.de)
  PaPILO 1.0.1         parallel presolve for integer and linear optimization (https://github.com/lgottwald/PaPILO) [GitHash: 0638fc4]
  bliss 0.73p          Computing Graph Automorphism Groups by T. Junttila and P. Kaski (http://www.tcs.hut.fi/Software/bliss/)
  Ipopt 3.13.2         Interior Point Optimizer developed by A. Waechter et.al. (www.coin-or.org/Ipopt)

user parameter file <scip.set> not found - using default parameters

read problem <model_strategy_2eng.zpl>
============


base directory for ZIMPL parsing: </workspace>

original problem has 36977 variables (126 bin, 0 int, 0 impl, 36851 cont) and 52275 constraints

solve problem
=============

presolving:
(round 1, fast)       19331 del vars, 21950 del conss, 0 add conss, 26753 chg bounds, 0 chg sides, 0 chg coeffs, 0 upgd conss, 0 impls, 0 clqs
(round 2, fast)       36536 del vars, 51524 del conss, 0 add conss, 44566 chg bounds, 2 chg sides, 13 chg coeffs, 0 upgd conss, 0 impls, 0 clqs
(round 3, fast)       36548 del vars, 51776 del conss, 0 add conss, 44577 chg bounds, 3 chg sides, 14 chg coeffs, 0 upgd conss, 0 impls, 0 clqs
(round 4, fast)       36548 del vars, 51776 del conss, 0 add conss, 44598 chg bounds, 10 chg sides, 15 chg coeffs, 0 upgd conss, 0 impls, 0 clqs
(round 5, fast)       36548 del vars, 51776 del conss, 0 add conss, 44630 chg bounds, 10 chg sides, 22 chg coeffs, 0 upgd conss, 0 impls, 0 clqs
(round 6, fast)       36548 del vars, 51776 del conss, 0 add conss, 44648 chg bounds, 10 chg sides, 24 chg coeffs, 0 upgd conss, 0 impls, 0 clqs
(round 7, fast)       36548 del vars, 51776 del conss, 0 add conss, 44660 chg bounds, 10 chg sides, 26 chg coeffs, 0 upgd conss, 0 impls, 0 clqs
(round 8, fast)       36548 del vars, 51776 del conss, 0 add conss, 44665 chg bounds, 10 chg sides, 27 chg coeffs, 0 upgd conss, 0 impls, 0 clqs
(round 9, fast)       36548 del vars, 51776 del conss, 0 add conss, 44669 chg bounds, 10 chg sides, 28 chg coeffs, 0 upgd conss, 0 impls, 0 clqs
(round 10, fast)       36548 del vars, 51776 del conss, 0 add conss, 44673 chg bounds, 10 chg sides, 28 chg coeffs, 0 upgd conss, 0 impls, 0 clqs
(round 11, exhaustive) 36548 del vars, 52015 del conss, 0 add conss, 44675 chg bounds, 184 chg sides, 28 chg coeffs, 0 upgd conss, 0 impls, 0 clqs
(round 12, fast)       36653 del vars, 52015 del conss, 0 add conss, 44675 chg bounds, 184 chg sides, 28 chg coeffs, 0 upgd conss, 0 impls, 0 clqs
(round 13, fast)       36702 del vars, 52064 del conss, 0 add conss, 44675 chg bounds, 289 chg sides, 28 chg coeffs, 0 upgd conss, 0 impls, 0 clqs
(round 14, fast)       36744 del vars, 52106 del conss, 0 add conss, 44675 chg bounds, 289 chg sides, 28 chg coeffs, 0 upgd conss, 0 impls, 0 clqs
(round 15, exhaustive) 36744 del vars, 52106 del conss, 0 add conss, 44675 chg bounds, 289 chg sides, 28 chg coeffs, 1 upgd conss, 0 impls, 0 clqs
(round 16, exhaustive) 36744 del vars, 52106 del conss, 0 add conss, 44675 chg bounds, 289 chg sides, 28 chg coeffs, 2 upgd conss, 1 impls, 0 clqs
   (0.3s) probing cycle finished: starting next cycle
(round 17, exhaustive) 36750 del vars, 52106 del conss, 0 add conss, 44729 chg bounds, 289 chg sides, 28 chg coeffs, 2 upgd conss, 118 impls, 0 clqs
(round 18, fast)       36752 del vars, 52108 del conss, 0 add conss, 44749 chg bounds, 289 chg sides, 39 chg coeffs, 10 upgd conss, 118 impls, 0 clqs
(round 19, fast)       36757 del vars, 52113 del conss, 0 add conss, 44749 chg bounds, 289 chg sides, 54 chg coeffs, 10 upgd conss, 118 impls, 0 clqs
   (0.3s) probing cycle finished: starting next cycle
(round 20, exhaustive) 36757 del vars, 52113 del conss, 0 add conss, 44749 chg bounds, 289 chg sides, 66 chg coeffs, 10 upgd conss, 122 impls, 0 clqs
(round 21, fast)       36760 del vars, 52116 del conss, 0 add conss, 44752 chg bounds, 289 chg sides, 66 chg coeffs, 10 upgd conss, 122 impls, 0 clqs
(round 22, fast)       36762 del vars, 52118 del conss, 0 add conss, 44753 chg bounds, 289 chg sides, 66 chg coeffs, 10 upgd conss, 122 impls, 0 clqs
   (0.3s) probing cycle finished: starting next cycle
(round 23, exhaustive) 36762 del vars, 52118 del conss, 0 add conss, 44753 chg bounds, 289 chg sides, 74 chg coeffs, 10 upgd conss, 122 impls, 0 clqs
(round 24, fast)       36763 del vars, 52119 del conss, 0 add conss, 44758 chg bounds, 289 chg sides, 74 chg coeffs, 10 upgd conss, 122 impls, 0 clqs
(round 25, fast)       36766 del vars, 52122 del conss, 0 add conss, 44760 chg bounds, 289 chg sides, 74 chg coeffs, 10 upgd conss, 122 impls, 0 clqs
   (0.3s) probing cycle finished: starting next cycle
   (0.4s) symmetry computation started: requiring (bin +, int -, cont +), (fixed: bin -, int +, cont -)
   (0.4s) no symmetry present
presolving (26 rounds: 26 fast, 7 medium, 7 exhaustive):
 36766 deleted vars, 52122 deleted constraints, 0 added constraints, 44761 tightened bounds, 0 added holes, 289 changed sides, 74 changed coefficients
 122 implications, 0 cliques
presolved problem has 211 variables (28 bin, 0 int, 0 impl, 183 cont) and 153 constraints
      2 constraints of type <varbound>
    151 constraints of type <linear>
Presolving Time: 0.28

 time | node  | left  |LP iter|LP it/n|mem/heur|mdpt |vars |cons |rows |cuts |sepa|confs|strbr|  dualbound   | primalbound  |  gap   | compl. 
p 0.4s|     1 |     0 |   121 |     - |   locks|   0 | 211 | 153 | 153 |   0 |  0 |   0 |   0 | 9.065796e+06 | 4.834098e+05 |1775.39%| unknown
  0.4s|     1 |     0 |   296 |     - |   138M |   0 | 211 | 153 | 153 |   0 |  0 |   0 |   0 | 5.425659e+05 | 4.834098e+05 |  12.24%| unknown
  0.4s|     1 |     0 |   302 |     - |   138M |   0 | 211 | 153 | 159 |   6 |  1 |   0 |   0 | 5.328438e+05 | 4.834098e+05 |  10.23%| unknown
  0.4s|     1 |     0 |   306 |     - |   138M |   0 | 211 | 153 | 162 |   9 |  2 |   0 |   0 | 5.287293e+05 | 4.834098e+05 |   9.37%| unknown
  0.4s|     1 |     0 |   307 |     - |   138M |   0 | 211 | 153 | 164 |  11 |  3 |   0 |   0 | 5.282288e+05 | 4.834098e+05 |   9.27%| unknown
  0.4s|     1 |     0 |   309 |     - |   138M |   0 | 211 | 153 | 166 |  13 |  5 |   0 |   0 | 5.254730e+05 | 4.834098e+05 |   8.70%| unknown
L 0.5s|     1 |     0 |   309 |     - |    alns|   0 | 211 | 153 | 166 |  13 |  7 |   0 |   0 | 5.254730e+05 | 4.838305e+05 |   8.61%| unknown
  0.5s|     1 |     0 |   309 |     - |   138M |   0 | 211 | 153 | 166 |  13 |  7 |   0 |   0 | 5.254730e+05 | 4.838305e+05 |   8.61%| unknown
* 0.5s|     1 |     0 |   309 |     - |    LP  |   0 | 211 | 153 | 166 |  13 |  9 |   0 |   0 | 5.254730e+05 | 5.254730e+05 |   0.00%| unknown

SCIP Status        : problem is solved [optimal solution found]
Solving Time (sec) : 0.49
Solving Nodes      : 1
Primal Bound       : +5.25473046394323e+05 (3 solutions)
Dual Bound         : +5.25473046394323e+05
Gap                : 0.00 %

primal solution (original space):
=================================

objective value:                     525473.046393875
s#1                                                 1 	(obj:-3660)
s#9                                                 1 	(obj:-3660)
s#10                                                1 	(obj:-3660)
s#13                                0.999999999985223 	(obj:-3660)
s#23                                                1 	(obj:-3660)
s#25                                                1 	(obj:-3660)
s#35                                                1 	(obj:-3660)
s#37                                                1 	(obj:-3660)
k#7                                                 1 	(obj:0)
k#19                                                1 	(obj:0)
k#31                                                1 	(obj:0)
l#7                                                 1 	(obj:0)
l#19                                                1 	(obj:0)
l#31                                                1 	(obj:0)
x#1#61#3                                          587 	(obj:-4.62235649546828)
x#2#8#1                                           150 	(obj:-11.150896735415)
x#2#8#2                                           136 	(obj:-11.150896735415)
x#2#9#1                                           142 	(obj:-12.0356028862058)
x#2#9#2                                           123 	(obj:-12.0356028862058)
x#2#20#2                                           38 	(obj:-22.3724957052615)
x#2#62#3                             587.000000000177 	(obj:-4.62235649546828)
x#3#9#1                                           150 	(obj:-12.0356028862058)
x#3#9#2                                           136 	(obj:-12.0356028862058)
x#3#10#1                                          142 	(obj:-12.9288727928426)
x#3#10#2                                          123 	(obj:-12.9288727928426)
x#3#21#2                                           38 	(obj:-23.3833806341359)
x#3#63#3                             587.000000000177 	(obj:-4.62235649546828)
x#4#10#1                                          150 	(obj:-12.9288727928426)
x#4#10#2                                          136 	(obj:-12.9288727928426)
x#4#11#1                                          142 	(obj:-13.8306429939341)
x#4#11#2                                          123 	(obj:-13.8306429939341)
x#4#22#2                                           38 	(obj:-17.5214575150235)
x#4#64#3                             587.000000000177 	(obj:-4.62235649546828)
x#5#11#1                                          150 	(obj:-13.8306429939341)
x#5#11#2                                          136 	(obj:-13.8306429939341)
x#5#12#1                                          142 	(obj:-14.7408500280891)
x#5#12#2                                          123 	(obj:-14.7408500280891)
x#5#23#2                                           38 	(obj:-17.5214575150235)
x#5#65#3                             587.000000000177 	(obj:-4.62235649546828)
x#6#12#1                                          150 	(obj:-14.7408500280891)
x#6#12#2                                          136 	(obj:-14.7408500280891)
x#6#13#1                                          142 	(obj:-15.6594304339164)
x#6#13#2                                          123 	(obj:-15.6594304339164)
x#6#24#2                                           38 	(obj:-17.5214575150235)
x#6#66#3                             587.000000000177 	(obj:-4.62235649546828)
x#7#0#1                              252.410000000076 	(obj:-45.9802844510504)
x#7#0#2                              252.410000000076 	(obj:-45.9802844510504)
x#7#13#1                                          150 	(obj:-15.6594304339164)
x#7#13#2                                          136 	(obj:-15.6594304339164)
x#7#14#1                                          142 	(obj:-16.5863207500249)
x#7#14#2                                          123 	(obj:-16.5863207500249)
x#7#25#2                                           38 	(obj:-17.5214575150235)
x#7#67#3                             587.000000000177 	(obj:-4.62235649546828)
x#8#1#1                              252.410000000076 	(obj:-5.24254779799416)
x#8#1#2                              252.410000000076 	(obj:-5.24254779799416)
x#8#14#1                                          150 	(obj:-16.5863207500249)
x#8#14#2                                          136 	(obj:-16.5863207500249)
x#8#15#1                                          142 	(obj:-19.2736032665258)
x#8#15#2                                          123 	(obj:-17.5214575150235)
x#8#26#2                                           38 	(obj:-17.5214575150235)
x#8#68#3                             587.000000000177 	(obj:-4.62235649546828)
x#9#2#1                              252.410000000076 	(obj:-6.05421092486207)
x#9#2#2                              252.410000000076 	(obj:-6.05421092486207)
x#9#15#1                                          150 	(obj:-19.2736032665258)
x#9#15#2                                          136 	(obj:-17.5214575150235)
x#9#16#1                                          142 	(obj:-20.3112549942729)
x#9#16#2                                          123 	(obj:-18.4647772675209)
x#9#27#2                                           38 	(obj:-17.5214575150235)
x#9#69#3                             587.000000000177 	(obj:-4.62235649546828)
x#10#3#1                             252.410000000076 	(obj:-6.87550949817744)
x#10#3#2                             252.410000000076 	(obj:-6.87550949817744)
x#10#16#1                                         150 	(obj:-20.3112549942729)
x#10#16#2                                         136 	(obj:-18.4647772675209)
x#10#28#2                                          38 	(obj:-17.5214575150235)
x#10#70#3                            587.000000000177 	(obj:-4.62235649546828)
x#11#4#1                             252.410000000076 	(obj:-7.70746468295299)
x#11#4#2                             252.410000000076 	(obj:-7.70746468295299)
x#11#29#2                                          38 	(obj:-17.5214575150235)
x#11#71#3                            587.000000000177 	(obj:-4.62235649546828)
x#12#5#1                             252.410000000076 	(obj:-8.55109764420144)
x#12#5#2                             252.410000000076 	(obj:-8.55109764420144)
x#12#30#2                                          38 	(obj:-17.5214575150235)
x#12#72#3                            587.000000000177 	(obj:-4.62235649546828)
x#13#6#1                             252.410000000076 	(obj:-9.4074295469355)
x#13#6#2                             252.410000000076 	(obj:-9.4074295469355)
x#13#31#2                                          38 	(obj:-17.5214575150235)
x#13#73#3                            587.000000000177 	(obj:-4.62235649546828)
x#14#7#1                             252.410000000076 	(obj:-10.2748178018611)
x#14#7#2                             176.687000000172 	(obj:-10.2748178018611)
x#14#74#3                            587.000000000177 	(obj:-4.62235649546828)
x#15#8#1                             252.410000000076 	(obj:-11.150896735415)
x#15#8#2                             176.687000000053 	(obj:-11.150896735415)
x#15#75#3                            587.000000000177 	(obj:-4.62235649546828)
x#16#9#1                             252.410000000076 	(obj:-12.0356028862058)
x#16#9#2                             176.687000000053 	(obj:-12.0356028862058)
x#16#76#3                            587.000000000177 	(obj:-4.62235649546828)
x#17#10#1                            252.410000000076 	(obj:-12.9288727928426)
x#17#10#2                            176.687000000053 	(obj:-12.9288727928426)
x#17#77#3                            587.000000000177 	(obj:-4.62235649546828)
x#18#11#1                            252.410000000076 	(obj:-13.8306429939341)
x#18#11#2                            176.687000000053 	(obj:-13.8306429939341)
x#18#78#3                            587.000000000177 	(obj:-4.62235649546828)
x#19#0#1                             252.410000000076 	(obj:-45.9802844510504)
x#19#0#2                             252.410000000076 	(obj:-45.9802844510504)
x#19#12#1                            252.410000000076 	(obj:-14.7408500280891)
x#19#12#2                            75.7230000000229 	(obj:-14.7408500280891)
x#19#12#3                             100.96400000003 	(obj:0)
x#19#79#3                            587.000000000177 	(obj:-4.62235649546828)
x#20#1#1                             252.410000000076 	(obj:-5.24254779799416)
x#20#1#2                             252.410000000076 	(obj:-5.24254779799416)
x#20#13#1                            252.410000000076 	(obj:-15.6594304339164)
x#20#13#2                            75.7230000000229 	(obj:-15.6594304339164)
x#20#13#3                             100.96400000003 	(obj:-4.62235649546828)
x#20#80#3                            587.000000000177 	(obj:-4.62235649546828)
x#21#2#1                             252.410000000076 	(obj:-6.05421092486207)
x#21#2#2                             252.410000000076 	(obj:-6.05421092486207)
x#21#14#1                            252.410000000076 	(obj:-16.5863207500249)
x#21#14#2                            75.7230000000229 	(obj:-16.5863207500249)
x#21#14#3                             100.96400000003 	(obj:-4.62235649546828)
x#21#81#3                            587.000000000177 	(obj:-4.62235649546828)
x#22#3#1                             252.410000000076 	(obj:-6.87550949817744)
x#22#3#2                             252.410000000076 	(obj:-6.87550949817744)
x#22#15#1                            252.410000000076 	(obj:-19.2736032665258)
x#22#15#2                            75.7230000000229 	(obj:-17.5214575150235)
x#22#15#3                             100.96400000003 	(obj:-4.62235649546828)
x#22#82#3                            587.000000000177 	(obj:-4.62235649546828)
x#23#4#1                             252.410000000076 	(obj:-7.70746468295299)
x#23#4#2                             252.410000000076 	(obj:-7.70746468295299)
x#23#16#1                            252.410000000076 	(obj:-20.3112549942729)
x#23#16#2                            75.7230000000229 	(obj:-18.4647772675209)
x#23#16#3                             100.96400000003 	(obj:-4.62235649546828)
x#23#83#3                            587.000000000177 	(obj:-4.62235649546828)
x#24#5#1                             252.410000000076 	(obj:-8.55109764420144)
x#24#5#2                             252.410000000076 	(obj:-8.55109764420144)
x#24#17#3                             100.96400000003 	(obj:-4.62235649546828)
x#24#84#3                            587.000000000177 	(obj:-4.62235649546828)
x#25#6#1                             252.410000000076 	(obj:-9.4074295469355)
x#25#6#2                             252.410000000076 	(obj:-9.4074295469355)
x#25#18#3                             100.96400000003 	(obj:-4.62235649546828)
x#25#85#3                            587.000000000177 	(obj:-4.62235649546828)
x#26#7#1                             252.410000000076 	(obj:-10.2748178018611)
x#26#7#2                             176.687000000054 	(obj:-10.2748178018611)
x#26#19#3                             100.96400000003 	(obj:-4.62235649546828)
x#26#86#3                            587.000000000177 	(obj:-4.62235649546828)
x#27#8#1                             252.410000000076 	(obj:-11.150896735415)
x#27#8#2                             176.687000000053 	(obj:-11.150896735415)
x#27#20#3                             100.96400000003 	(obj:-4.62235649546828)
x#27#87#3                            587.000000000177 	(obj:-4.62235649546828)
x#28#9#1                             252.410000000076 	(obj:-12.0356028862058)
x#28#9#2                             176.687000000053 	(obj:-12.0356028862058)
x#28#21#3                             100.96400000003 	(obj:-4.62235649546828)
x#28#88#3                            587.000000000177 	(obj:-4.62235649546828)
x#29#10#1                            252.410000000076 	(obj:-12.9288727928426)
x#29#10#2                            176.687000000053 	(obj:-12.9288727928426)
x#29#22#3                             100.96400000003 	(obj:-4.62235649546828)
x#29#89#3                            587.000000000177 	(obj:-4.62235649546828)
x#30#11#1                            252.410000000076 	(obj:-13.8306429939341)
x#30#11#2                            176.687000000053 	(obj:-13.8306429939341)
x#30#23#3                             100.96400000003 	(obj:-4.62235649546828)
x#30#90#3                            587.000000000177 	(obj:-4.62235649546828)
x#31#0#1                             295.824520000089 	(obj:-45.9802844510504)
x#31#0#2                             295.824520000089 	(obj:-45.9802844510504)
x#31#12#1                            252.410000000076 	(obj:-14.7408500280891)
x#31#12#2                            75.7230000000228 	(obj:-14.7408500280891)
x#31#12#3                             100.96400000003 	(obj:0)
x#31#24#3                             100.96400000003 	(obj:-4.62235649546828)
x#31#91#3                            587.000000000177 	(obj:-4.62235649546828)
x#32#1#1                             295.824520000089 	(obj:-5.24254779799416)
x#32#1#2                             295.824520000089 	(obj:-5.24254779799416)
x#32#13#1                            252.410000000076 	(obj:-15.6594304339164)
x#32#13#2                            75.7230000000228 	(obj:-15.6594304339164)
x#32#13#3                             100.96400000003 	(obj:-4.62235649546828)
x#32#25#3                             100.96400000003 	(obj:-4.62235649546828)
x#32#92#3                            385.071999999939 	(obj:-4.62235649546828)
x#33#2#1                             295.824520000089 	(obj:-6.05421092486207)
x#33#2#2                             295.824520000089 	(obj:-6.05421092486207)
x#33#14#1                            252.410000000076 	(obj:-16.5863207500249)
x#33#14#2                            75.7230000000228 	(obj:-16.5863207500249)
x#33#14#3                             100.96400000003 	(obj:-4.62235649546828)
x#33#26#3                             100.96400000003 	(obj:-4.62235649546828)
x#33#93#3                            385.071999999939 	(obj:-4.62235649546828)
x#34#3#1                             295.824520000089 	(obj:-6.87550949817744)
x#34#3#2                             295.824520000089 	(obj:-6.87550949817744)
x#34#15#1                            252.410000000076 	(obj:-19.2736032665258)
x#34#15#2                            75.7230000000228 	(obj:-17.5214575150235)
x#34#15#3                             100.96400000003 	(obj:-4.62235649546828)
x#34#27#3                             100.96400000003 	(obj:-4.62235649546828)
x#34#94#3                            385.071999999939 	(obj:-4.62235649546828)
x#35#4#1                             295.824520000089 	(obj:-7.70746468295299)
x#35#4#2                             295.824520000089 	(obj:-7.70746468295299)
x#35#16#1                            252.410000000076 	(obj:-20.3112549942729)
x#35#16#2                            75.7230000000228 	(obj:-18.4647772675209)
x#35#16#3                             100.96400000003 	(obj:-4.62235649546828)
x#35#28#3                             100.96400000003 	(obj:-4.62235649546828)
x#35#95#3                            385.071999999939 	(obj:-4.62235649546828)
x#36#5#1                             295.824520000089 	(obj:-8.55109764420144)
x#36#5#2                             295.824520000089 	(obj:-8.55109764420144)
x#36#17#3                             100.96400000003 	(obj:-4.62235649546828)
x#36#29#3                             100.96400000003 	(obj:-4.62235649546828)
x#36#96#3                            385.071999999939 	(obj:-4.62235649546828)
x#37#6#1                             295.824520000089 	(obj:-9.4074295469355)
x#37#6#2                             295.824520000089 	(obj:-9.4074295469355)
x#37#18#3                             100.96400000003 	(obj:-4.62235649546828)
x#37#30#3                             100.96400000003 	(obj:-4.62235649546828)
x#37#97#3                            385.071999999939 	(obj:-4.62235649546828)
x#38#7#2                             207.077164000063 	(obj:-10.2748178018611)
x#38#19#3                             100.96400000003 	(obj:-4.62235649546828)
x#38#31#3                             100.96400000003 	(obj:-4.62235649546828)
x#38#98#3                            385.071999999939 	(obj:-4.62235649546828)
x#39#8#2                             207.077164000063 	(obj:-11.150896735415)
x#39#20#3                             100.96400000003 	(obj:-4.62235649546828)
x#39#32#3                             100.96400000003 	(obj:-4.62235649546828)
x#39#99#3                            385.071999999939 	(obj:-4.62235649546828)
x#40#9#2                             207.077164000063 	(obj:-12.0356028862058)
x#40#21#3                             100.96400000003 	(obj:-4.62235649546828)
x#40#33#3                             100.96400000003 	(obj:-4.62235649546828)
x#40#100#3                           385.071999999939 	(obj:-4.62235649546828)
x#41#10#2                            207.077164000063 	(obj:-12.9288727928426)
x#41#22#3                             100.96400000003 	(obj:-4.62235649546828)
x#41#34#3                             100.96400000003 	(obj:-4.62235649546828)
x#41#101#3                           385.071999999939 	(obj:-4.62235649546828)
x#42#11#2                            207.077164000063 	(obj:-13.8306429939341)
x#42#23#3                             100.96400000003 	(obj:-4.62235649546828)
x#42#35#3                             100.96400000003 	(obj:-4.62235649546828)
x#42#102#3                           385.071999999939 	(obj:-4.62235649546828)
x#0#6#1                                           150 	(obj:0)
x#0#6#2                                           136 	(obj:0)
x#0#7#1                                           142 	(obj:0)
x#0#7#2                                           123 	(obj:0)
x#0#17#2                                           67 	(obj:0)
x#0#18#2                                           38 	(obj:0)
x#0#60#3                                          587 	(obj:0)
y#1#18#2                                           67 	(obj:688)
y#9#16#1                                          142 	(obj:550)
y#9#16#2                                          123 	(obj:688)
y#10#16#1                                         150 	(obj:550)
y#10#16#2                                         136 	(obj:688)
y#13#6#2                             75.7229999999039 	(obj:369)
y#13#31#2                            37.9999999994385 	(obj:793)
y#23#16#1                            252.410000000073 	(obj:550)
y#23#16#2                            75.7230000000229 	(obj:688)
y#25#6#2                             75.7230000000227 	(obj:369)
y#31#91#3                            201.928000000238 	(obj:157)
y#35#16#1                            252.410000000076 	(obj:550)
y#35#16#2                            75.7230000000229 	(obj:688)
y#37#6#1                             295.824520000089 	(obj:369)
y#37#6#2                             88.7473560000268 	(obj:369)
w#18#11                               100.96400000003 	(obj:0)
w#30#11                               100.96400000003 	(obj:0)
w#42#11                              118.329808000036 	(obj:0)
n#7#1                                252.410000000076 	(obj:0)
n#7#2                                252.410000000076 	(obj:0)
n#19#1                               252.410000000076 	(obj:0)
n#19#2                               252.410000000076 	(obj:0)
n#31#1                               295.824520000089 	(obj:0)
n#31#2                               295.824520000089 	(obj:0)
x#1#7#1                                           150 	(obj:-10.2748178018611)
x#1#7#2                                           136 	(obj:-10.2748178018611)
x#1#8#1                                           142 	(obj:-11.150896735415)
x#1#8#2                                           123 	(obj:-11.150896735415)
x#1#18#2                                           67 	(obj:-20.3834863654341)
x#1#19#2                                           38 	(obj:-21.3707218504201)

Statistics
==========

SCIP Status        : problem is solved [optimal solution found]
Total Time         :       1.24
  solving          :       0.49
  presolving       :       0.28 (included in solving)
  reading          :       0.75
  copying          :       0.01 (1 #copies) (minimal 0.01, maximal 0.01, average 0.01)
Original Problem   :
  Problem name     : model_strategy_2eng.zpl
  Variables        : 36977 (126 binary, 0 integer, 0 implicit integer, 36851 continuous)
  Constraints      : 52275 initial, 52275 maximal
  Objective        : maximize, 19908 non-zeros (abs.min = 4.62236, abs.max = 3660)
Presolved Problem  :
  Problem name     : t_model_strategy_2eng.zpl
  Variables        : 211 (28 binary, 0 integer, 0 implicit integer, 183 continuous)
  Constraints      : 153 initial, 153 maximal
  Objective        : minimize, 211 non-zeros (abs.min = 10.2748, abs.max = 3660)
  Nonzeros         : 558 constraint, 0 clique table
Presolvers         :   ExecTime  SetupTime  Calls  FixedVars   AggrVars   ChgTypes  ChgBounds   AddHoles    DelCons    AddCons   ChgSides   ChgCoefs
  boundshift       :       0.00       0.00      0          0          0          0          0          0          0          0          0          0
  convertinttobin  :       0.00       0.00      0          0          0          0          0          0          0          0          0          0
  domcol           :       0.00       0.00      4          0          0          0          0          0          0          0          0          0
  dualagg          :       0.00       0.00      0          0          0          0          0          0          0          0          0          0
  dualcomp         :       0.00       0.00      4          0          0          0          0          0          0          0          0          0
  dualinfer        :       0.00       0.00      0          0          0          0          0          0          0          0          0          0
  dualsparsify     :       0.00       0.00      3          0          0          0          0          0          0          0          0         20
  gateextraction   :       0.00       0.00      0          0          0          0          0          0          0          0          0          0
  implics          :       0.00       0.00      7          0          0          0          0          0          0          0          0          0
  inttobinary      :       0.00       0.00      0          0          0          0          0          0          0          0          0          0
  milp             :       0.00       0.00      0          0          0          0          0          0          0          0          0          0
  qpkktref         :       0.00       0.00      0          0          0          0          0          0          0          0          0          0
  redvub           :       0.00       0.00      0          0          0          0          0          0          0          0          0          0
  sparsify         :       0.00       0.00      1          0          0          0          0          0          0          0          0          0
  stuffing         :       0.00       0.00      0          0          0          0          0          0          0          0          0          0
  trivial          :       0.00       0.00     26          0          0          0          0          0          0          0          0          0
  tworowbnd        :       0.00       0.00      0          0          0          0          0          0          0          0          0          0
  dualfix          :       0.00       0.00     26         84          0          0          0          0          0          0          0          0
  genvbounds       :       0.00       0.00      0          0          0          0          0          0          0          0          0          0
  probing          :       0.01       0.00      4          6          0          0         54          0          0          0          0          0
  pseudoobj        :       0.00       0.00      0          0          0          0          0          0          0          0          0          0
  symmetry         :       0.00       0.00      1          0          0          0          0          0          0          0          0          0
  vbounds          :       0.00       0.00      0          0          0          0          0          0          0          0          0          0
  varbound         :       0.00       0.00     16          0          0          0          0          0          0          0          0          0
  linear           :       0.16       0.01     33      33409       3267          0      44684          0      52122          0        289         54
  quadratic        :       0.00       0.00     23          0          0          0         23          0          0          0          0          0
  benders          :       0.00       0.00      0          0          0          0          0          0          0          0          0          0
  components       :       0.00       0.00      1          0          0          0          0          0          0          0          0          0
  root node        :          -          -      -          0          -          -          0          -          -          -          -          -
Constraints        :     Number  MaxNumber  #Separate #Propagate    #EnfoLP    #EnfoRelax  #EnfoPS    #Check   #ResProp    Cutoffs    DomReds       Cuts    Applied      Conss   Children
  benderslp        :          0          0          0          0          1          0          0         15          0          0          0          0          0          0          0
  integral         :          0          0          0          0          1          0          0         15          0          0          0          0          0          0          0
  varbound         :          2          2          6        354          1          0          0          9          0          0          0          0          0          0          0
  linear           :        151        151          6        389          1          0          0          8          0          3          0          0          0          0          0
  benders          :          0          0          0          0          1          0          0          3          0          0          0          0          0          0          0
  countsols        :          0          0          0          0          1          0          0          3          0          0          0          0          0          0          0
  components       :          0          0          0          0          0          0          0          0          0          0          0          0          0          0          0
Constraint Timings :  TotalTime  SetupTime   Separate  Propagate     EnfoLP     EnfoPS     EnfoRelax   Check    ResProp    SB-Prop
  benderslp        :       0.00       0.00       0.00       0.00       0.00       0.00       0.00       0.00       0.00       0.00
  integral         :       0.00       0.00       0.00       0.00       0.00       0.00       0.00       0.00       0.00       0.00
  varbound         :       0.00       0.00       0.00       0.00       0.00       0.00       0.00       0.00       0.00       0.00
  linear           :       0.02       0.01       0.00       0.00       0.00       0.00       0.00       0.00       0.00       0.00
  benders          :       0.00       0.00       0.00       0.00       0.00       0.00       0.00       0.00       0.00       0.00
  countsols        :       0.00       0.00       0.00       0.00       0.00       0.00       0.00       0.00       0.00       0.00
  components       :       0.00       0.00       0.00       0.00       0.00       0.00       0.00       0.00       0.00       0.00
Propagators        : #Propagate   #ResProp    Cutoffs    DomReds
  dualfix          :          3          0          0          0
  genvbounds       :          0          0          0          0
  nlobbt           :          0          0          0          0
  obbt             :          0          0          0          0
  probing          :          0          0          0          0
  pseudoobj        :         11          0          0          0
  redcost          :          8          0          0          0
  rootredcost      :          0          0          0          0
  symmetry         :          0          0          0          0
  vbounds          :         66          0          0          0
Propagator Timings :  TotalTime  SetupTime   Presolve  Propagate    ResProp    SB-Prop
  dualfix          :       0.00       0.00       0.00       0.00       0.00       0.00
  genvbounds       :       0.00       0.00       0.00       0.00       0.00       0.00
  nlobbt           :       0.00       0.00       0.00       0.00       0.00       0.00
  obbt             :       0.00       0.00       0.00       0.00       0.00       0.00
  probing          :       0.01       0.00       0.01       0.00       0.00       0.00
  pseudoobj        :       0.00       0.00       0.00       0.00       0.00       0.00
  redcost          :       0.00       0.00       0.00       0.00       0.00       0.00
  rootredcost      :       0.00       0.00       0.00       0.00       0.00       0.00
  symmetry         :       0.00       0.00       0.00       0.00       0.00       0.00
  vbounds          :       0.00       0.00       0.00       0.00       0.00       0.00
Conflict Analysis  :       Time      Calls    Success    DomReds  Conflicts   Literals    Reconvs ReconvLits   Dualrays   Nonzeros   LP Iters   (pool size: [--,--])
  propagation      :       0.00          0          0          -          0        0.0          0        0.0          -          -          -
  infeasible LP    :       0.00          0          0          -          0        0.0          0        0.0          0        0.0          0
  bound exceed. LP :       0.00          0          0          -          0        0.0          0        0.0          0        0.0          0
  strong branching :       0.00          0          0          -          0        0.0          0        0.0          -          -          0
  pseudo solution  :       0.00          0          0          -          0        0.0          0        0.0          -          -          -
  applied globally :       0.00          -          -          0          0        0.0          -          -          0          -          -
  applied locally  :          -          -          -          0          0        0.0          -          -          0          -          -
Separators         :   ExecTime  SetupTime      Calls    Cutoffs    DomReds       Cuts    Applied      Conss
  cut pool         :       0.00                    10          -          -         39          -          -    (maximal pool size: 55)
  aggregation      :       0.01       0.00          4          0          0         26          0          0
  cgmip            :       0.00       0.00          0          0          0          0          0          0
  clique           :       0.00       0.00          1          0          0          0          0          0
  closecuts        :       0.00       0.00          0          0          0          0          0          0
  cmir             :       0.00       0.00          0          0          0          0          1          0
  convexproj       :       0.00       0.00          0          0          0          0          0          0
  disjunctive      :       0.00       0.00          0          0          0          0          0          0
  eccuts           :       0.00       0.00          0          0          0          0          0          0
  flowcover        :       0.00       0.00          0          0          0          0          0          0
  gauge            :       0.00       0.00          0          0          0          0          0          0
  gomory           :       0.00       0.00          4          0          0         10          2          0
  impliedbounds    :       0.00       0.00          4          0          0         16          9          0
  intobj           :       0.00       0.00          0          0          0          0          0          0
  mcf              :       0.00       0.00          1          0          0          0          0          0
  oddcycle         :       0.00       0.00          0          0          0          0          0          0
  rapidlearning    :       0.00       0.00          0          0          0          0          0          0
  strongcg         :       0.00       0.00          4          0          0          0          0          0
  zerohalf         :       0.00       0.00          4          0          0          3          1          0
Pricers            :   ExecTime  SetupTime      Calls       Vars
  problem variables:       0.00          -          0          0
Branching Rules    :   ExecTime  SetupTime   BranchLP  BranchExt   BranchPS    Cutoffs    DomReds       Cuts      Conss   Children
  allfullstrong    :       0.00       0.00          0          0          0          0          0          0          0          0
  cloud            :       0.00       0.00          0          0          0          0          0          0          0          0
  distribution     :       0.00       0.00          0          0          0          0          0          0          0          0
  fullstrong       :       0.00       0.00          0          0          0          0          0          0          0          0
  inference        :       0.00       0.00          0          0          0          0          0          0          0          0
  leastinf         :       0.00       0.00          0          0          0          0          0          0          0          0
  lookahead        :       0.00       0.00          0          0          0          0          0          0          0          0
  mostinf          :       0.00       0.00          0          0          0          0          0          0          0          0
  multaggr         :       0.00       0.00          0          0          0          0          0          0          0          0
  nodereopt        :       0.00       0.00          0          0          0          0          0          0          0          0
  pscost           :       0.00       0.00          0          0          0          0          0          0          0          0
  random           :       0.00       0.00          0          0          0          0          0          0          0          0
  relpscost        :       0.00       0.00          0          0          0          0          0          0          0          0
  vanillafullstrong:       0.00       0.00          0          0          0          0          0          0          0          0
Primal Heuristics  :   ExecTime  SetupTime      Calls      Found       Best
  LP solutions     :       0.00          -          -          1          1
  relax solutions  :       0.00          -          -          0          0
  pseudo solutions :       0.00          -          -          0          0
  strong branching :       0.00          -          -          0          0
  actconsdiving    :       0.00       0.00          0          0          0
  adaptivediving   :       0.00       0.00          0          0          0
  alns             :       0.06       0.00          1          1          1
  bound            :       0.00       0.00          0          0          0
  clique           :       0.00       0.00          0          0          0
  coefdiving       :       0.00       0.00          0          0          0
  completesol      :       0.00       0.00          0          0          0
  conflictdiving   :       0.00       0.00          0          0          0
  crossover        :       0.00       0.00          0          0          0
  dins             :       0.00       0.00          0          0          0
  distributiondivin:       0.00       0.00          0          0          0
  dualval          :       0.00       0.00          0          0          0
  farkasdiving     :       0.00       0.00          0          0          0
  feaspump         :       0.00       0.00          0          0          0
  fixandinfer      :       0.00       0.00          0          0          0
  fracdiving       :       0.00       0.00          0          0          0
  gins             :       0.00       0.00          0          0          0
  guideddiving     :       0.00       0.00          0          0          0
  indicator        :       0.00       0.00          0          0          0
  intdiving        :       0.00       0.00          0          0          0
  intshifting      :       0.00       0.00          0          0          0
  linesearchdiving :       0.00       0.00          0          0          0
  localbranching   :       0.00       0.00          0          0          0
  locks            :       0.02       0.00          1          1          1
  lpface           :       0.00       0.00          0          0          0
  mpec             :       0.00       0.00          0          0          0
  multistart       :       0.00       0.00          0          0          0
  mutation         :       0.00       0.00          0          0          0
  nlpdiving        :       0.00       0.00          0          0          0
  objpscostdiving  :       0.00       0.00          0          0          0
  octane           :       0.00       0.00          0          0          0
  ofins            :       0.00       0.00          0          0          0
  oneopt           :       0.00       0.00          2          0          0
  padm             :       0.00       0.00          0          0          0
  proximity        :       0.00       0.00          0          0          0
  pscostdiving     :       0.00       0.00          0          0          0
  randrounding     :       0.00       0.00          4          0          0
  rens             :       0.00       0.00          0          0          0
  reoptsols        :       0.00       0.00          0          0          0
  repair           :       0.00       0.00          0          0          0
  rins             :       0.00       0.00          0          0          0
  rootsoldiving    :       0.00       0.00          0          0          0
  rounding         :       0.00       0.00          4          0          0
  shiftandpropagate:       0.00       0.00          0          0          0
  shifting         :       0.00       0.00          4          0          0
  simplerounding   :       0.00       0.00          0          0          0
  subnlp           :       0.00       0.00          0          0          0
  trivial          :       0.06       0.00          2          0          0
  trivialnegation  :       0.00       0.00          0          0          0
  trustregion      :       0.00       0.00          0          0          0
  trysol           :       0.00       0.00          0          0          0
  twoopt           :       0.00       0.00          0          0          0
  undercover       :       0.00       0.00          0          0          0
  vbounds          :       0.00       0.00          0          0          0
  veclendiving     :       0.00       0.00          0          0          0
  zeroobj          :       0.00       0.00          0          0          0
  zirounding       :       0.00       0.00          0          0          0
  other solutions  :          -          -          -          0          -
Diving (single)    :      Calls      Nodes   LP Iters Backtracks  Conflicts   MinDepth   MaxDepth   AvgDepth  RoundSols  NLeafSols  MinSolDpt  MaxSolDpt  AvgSolDpt
  actconsdiving    :          0          -          -          -          -          -          -          -          -          -          -          -          -
  coefdiving       :          0          -          -          -          -          -          -          -          -          -          -          -          -
  conflictdiving   :          0          -          -          -          -          -          -          -          -          -          -          -          -
  distributiondivin:          0          -          -          -          -          -          -          -          -          -          -          -          -
  farkasdiving     :          0          -          -          -          -          -          -          -          -          -          -          -          -
  fracdiving       :          0          -          -          -          -          -          -          -          -          -          -          -          -
  guideddiving     :          0          -          -          -          -          -          -          -          -          -          -          -          -
  linesearchdiving :          0          -          -          -          -          -          -          -          -          -          -          -          -
  pscostdiving     :          0          -          -          -          -          -          -          -          -          -          -          -          -
  veclendiving     :          0          -          -          -          -          -          -          -          -          -          -          -          -
Diving (adaptive)  :      Calls      Nodes   LP Iters Backtracks  Conflicts   MinDepth   MaxDepth   AvgDepth  RoundSols  NLeafSols  MinSolDpt  MaxSolDpt  AvgSolDpt
  actconsdiving    :          0          -          -          -          -          -          -          -          -          -          -          -          -
  coefdiving       :          0          -          -          -          -          -          -          -          -          -          -          -          -
  conflictdiving   :          0          -          -          -          -          -          -          -          -          -          -          -          -
  distributiondivin:          0          -          -          -          -          -          -          -          -          -          -          -          -
  farkasdiving     :          0          -          -          -          -          -          -          -          -          -          -          -          -
  fracdiving       :          0          -          -          -          -          -          -          -          -          -          -          -          -
  guideddiving     :          0          -          -          -          -          -          -          -          -          -          -          -          -
  linesearchdiving :          0          -          -          -          -          -          -          -          -          -          -          -          -
  pscostdiving     :          0          -          -          -          -          -          -          -          -          -          -          -          -
  veclendiving     :          0          -          -          -          -          -          -          -          -          -          -          -          -
Neighborhoods      :      Calls  SetupTime  SolveTime SolveNodes       Sols       Best       Exp3  EpsGreedy        UCB TgtFixRate  Opt  Inf Node Stal  Sol  Usr Othr Actv
  rens             :          0       0.00       0.00          0          0          0    0.00000   -1.00000    1.00000      0.900    0    0    0    0    0    0    0    1
  rins             :          0       0.00       0.00          0          0          0    0.00000   -1.00000    1.00000      0.900    0    0    0    0    0    0    0    1
  mutation         :          0       0.00       0.00          0          0          0    0.00000   -1.00000    1.00000      0.900    0    0    0    0    0    0    0    1
  localbranching   :          0       0.00       0.00          0          0          0    0.00000   -1.00000    1.00000      0.900    0    0    0    0    0    0    0    1
  crossover        :          0       0.00       0.00          0          0          0    0.00000   -1.00000    1.00000      0.900    0    0    0    0    0    0    0    1
  proximity        :          1       0.01       0.04          1          1          1    0.00000   -1.00000    1.00000      0.700    1    0    0    0    0    0    0    1
  zeroobjective    :          0       0.00       0.00          0          0          0    0.00000   -1.00000    1.00000      0.900    0    0    0    0    0    0    0    1
  dins             :          0       0.00       0.00          0          0          0    0.00000   -1.00000    1.00000      0.900    0    0    0    0    0    0    0    1
  trustregion      :          0       0.00       0.00          0          0          0    0.00000   -1.00000    1.00000      0.900    0    0    0    0    0    0    0    0
LP                 :       Time      Calls Iterations  Iter/call   Iter/sec  Time-0-It Calls-0-It    ItLimit
  primal LP        :       0.00          0          0       0.00          -       0.00          0
  dual LP          :       0.00          6        188      37.60          -       0.00          1
  lex dual LP      :       0.00          0          0       0.00          -
  barrier LP       :       0.00          0          0       0.00          -       0.00          0
  resolve instable :       0.00          0          0       0.00          -
  diving/probing LP:       0.01          1        121     121.00    9718.88
  strong branching :       0.00          0          0       0.00          -          -          -          0
    (at root node) :          -          0          0       0.00          -
  conflict analysis:       0.00          0          0       0.00          -
B&B Tree           :
  number of runs   :          1
  nodes            :          1 (0 internal, 1 leaves)
  feasible leaves  :          1
  infeas. leaves   :          0
  objective leaves :          0
  nodes (total)    :          1 (0 internal, 1 leaves)
  nodes left       :          0
  max depth        :          0
  max depth (total):          0
  backtracks       :          0 (0.0%)
  early backtracks :          0 (0.0%)
  nodes exc. ref.  :          0 (0.0%)
  delayed cutoffs  :          0
  repropagations   :          0 (0 domain reductions, 0 cutoffs)
  avg switch length:       2.00
  switching time   :       0.00
Estim. Tree Size   :          1
Estimation Tree    : 1 nodes (1 visited, 0 internal, 1 leaves, 0 open), weight: 1.0000 completed 1.0000
Estimations        :      estim      value      trend resolution     smooth
  wbe              :          1          -          -          -          -
  tree-profile     :         -1          -          -          -          -
  gap              :          1    1.00000    1.00000          1          1
  tree-weight      :          1    1.00000    1.00000          1          1
  leaf-frequency   :          1    0.50000    1.00000          1          1
  ssg              :          1    0.00000   -1.00000          1          1
  open-nodes       :          1    0.00000    0.00000          1          1
Root Node          :
  First LP value   : +5.42565947955259e+05
  First LP Iters   :        175 (193370.17 Iter/sec)
  First LP Time    :       0.00
  Final Dual Bound : +5.25473046394323e+05
  Final Root Iters :        188
  Root LP Estimate : +5.25473046394323e+05
Solution           :
  Solutions found  :          3 (3 improvements)
  First Solution   : +4.83409826510769e+05   (in run 1, after 1 nodes, 0.39 seconds, depth 29, found by <locks>)
  Gap First Sol.   :    1775.39 %
  Gap Last Sol.    :       0.00 %
  Primal Bound     : +5.25473046394323e+05   (in run 1, after 1 nodes, 0.49 seconds, depth 0, found by <relaxation>)
  Dual Bound       : +5.25473046394323e+05
  Gap              :       0.00 %
Integrals          :      Total       Avg%
  primal-dual      :      40.29      81.59
  primal-ref       :          -          - (not evaluated)
  dual-ref         :          -          - (not evaluated)
