SCIP version 7.0.2 [precision: 8 byte] [memory: block] [mode: optimized] [LP solver: SoPlex 5.0.2] [GitHash: dafb536cfd]
Copyright (C) 2002-2020 Konrad-Zuse-Zentrum fuer Informationstechnik Berlin (ZIB)

External codes: 
  Readline 7.0         GNU library for command line editing (gnu.org/s/readline)
  SoPlex 5.0.2         Linear Programming Solver developed at Zuse Institute Berlin (soplex.zib.de) [GitHash: 3623dbc0]
  CppAD 20180000.0     Algorithmic Differentiation of C++ algorithms developed by B. Bell (www.coin-or.org/CppAD)
  ZLIB 1.2.11          General purpose compression library by J. Gailly and M. Adler (zlib.net)
  GMP 6.1.2            GNU Multiple Precision Arithmetic Library developed by T. Granlund (gmplib.org)
  ZIMPL 3.4.0          Zuse Institute Mathematical Programming Language developed by T. Koch (zimpl.zib.de)
  PaPILO 1.0.1         parallel presolve for integer and linear optimization (https://github.com/lgottwald/PaPILO) [GitHash: 0638fc4]
  bliss 0.73p          Computing Graph Automorphism Groups by T. Junttila and P. Kaski (http://www.tcs.hut.fi/Software/bliss/)
  Ipopt 3.13.2         Interior Point Optimizer developed by A. Waechter et.al. (www.coin-or.org/Ipopt)

user parameter file <scip.set> not found - using default parameters

read problem <model_strategy_1eng.zpl>
============


base directory for ZIMPL parsing: </workspace>

original problem has 42041 variables (48 bin, 0 int, 0 impl, 41993 cont) and 59610 constraints

solve problem
=============

presolving:
(round 1, fast)       21844 del vars, 24912 del conss, 0 add conss, 30442 chg bounds, 0 chg sides, 0 chg coeffs, 0 upgd conss, 0 impls, 0 clqs
(round 2, fast)       41539 del vars, 58773 del conss, 0 add conss, 50328 chg bounds, 2 chg sides, 13 chg coeffs, 0 upgd conss, 0 impls, 0 clqs
(round 3, fast)       41559 del vars, 59068 del conss, 0 add conss, 50349 chg bounds, 2 chg sides, 13 chg coeffs, 0 upgd conss, 0 impls, 0 clqs
(round 4, fast)       41561 del vars, 59069 del conss, 0 add conss, 50367 chg bounds, 8 chg sides, 17 chg coeffs, 0 upgd conss, 0 impls, 0 clqs
(round 5, fast)       41563 del vars, 59069 del conss, 0 add conss, 50386 chg bounds, 9 chg sides, 21 chg coeffs, 0 upgd conss, 0 impls, 0 clqs
(round 6, fast)       41565 del vars, 59069 del conss, 0 add conss, 50409 chg bounds, 11 chg sides, 21 chg coeffs, 0 upgd conss, 0 impls, 0 clqs
(round 7, fast)       41567 del vars, 59069 del conss, 0 add conss, 50424 chg bounds, 13 chg sides, 22 chg coeffs, 0 upgd conss, 0 impls, 0 clqs
(round 8, fast)       41569 del vars, 59069 del conss, 0 add conss, 50438 chg bounds, 15 chg sides, 25 chg coeffs, 0 upgd conss, 0 impls, 0 clqs
(round 9, fast)       41570 del vars, 59069 del conss, 0 add conss, 50447 chg bounds, 17 chg sides, 29 chg coeffs, 0 upgd conss, 0 impls, 0 clqs
(round 10, fast)       41570 del vars, 59069 del conss, 0 add conss, 50448 chg bounds, 18 chg sides, 31 chg coeffs, 0 upgd conss, 0 impls, 0 clqs
   (0.4s) running MILP presolver
   (0.4s) MILP presolver (12 rounds): 166 aggregations, 46 fixings, 0 bound changes
(round 11, medium)     41782 del vars, 59610 del conss, 214 add conss, 50448 chg bounds, 18 chg sides, 31 chg coeffs, 0 upgd conss, 0 impls, 0 clqs
(round 12, fast)       41793 del vars, 59610 del conss, 214 add conss, 50448 chg bounds, 18 chg sides, 31 chg coeffs, 0 upgd conss, 0 impls, 0 clqs
(round 13, fast)       41793 del vars, 59610 del conss, 214 add conss, 50448 chg bounds, 29 chg sides, 31 chg coeffs, 0 upgd conss, 0 impls, 0 clqs
(round 14, fast)       41802 del vars, 59610 del conss, 214 add conss, 50448 chg bounds, 29 chg sides, 31 chg coeffs, 0 upgd conss, 0 impls, 0 clqs
(round 15, exhaustive) 41802 del vars, 59712 del conss, 214 add conss, 50448 chg bounds, 131 chg sides, 31 chg coeffs, 0 upgd conss, 0 impls, 0 clqs
(round 16, fast)       41810 del vars, 59712 del conss, 214 add conss, 50448 chg bounds, 131 chg sides, 31 chg coeffs, 0 upgd conss, 0 impls, 0 clqs
(round 17, fast)       41810 del vars, 59712 del conss, 214 add conss, 50448 chg bounds, 139 chg sides, 31 chg coeffs, 0 upgd conss, 0 impls, 0 clqs
(round 18, fast)       41819 del vars, 59714 del conss, 214 add conss, 50448 chg bounds, 139 chg sides, 31 chg coeffs, 0 upgd conss, 0 impls, 0 clqs
   (0.4s) running MILP presolver
   (0.4s) MILP presolver (6 rounds): 32 aggregations, 36 fixings, 0 bound changes
(round 19, medium)     41887 del vars, 59714 del conss, 214 add conss, 50448 chg bounds, 139 chg sides, 31 chg coeffs, 0 upgd conss, 0 impls, 0 clqs
(round 20, fast)       41887 del vars, 59746 del conss, 214 add conss, 50448 chg bounds, 139 chg sides, 31 chg coeffs, 0 upgd conss, 0 impls, 0 clqs
(round 21, fast)       41888 del vars, 59746 del conss, 214 add conss, 50448 chg bounds, 139 chg sides, 31 chg coeffs, 0 upgd conss, 0 impls, 0 clqs
(round 22, exhaustive) 41888 del vars, 59746 del conss, 214 add conss, 50448 chg bounds, 139 chg sides, 31 chg coeffs, 1 upgd conss, 0 impls, 0 clqs
(round 23, exhaustive) 41888 del vars, 59746 del conss, 214 add conss, 50448 chg bounds, 139 chg sides, 31 chg coeffs, 2 upgd conss, 1 impls, 0 clqs
   (0.5s) probing cycle finished: starting next cycle
   (0.5s) symmetry computation started: requiring (bin +, int -, cont +), (fixed: bin -, int +, cont -)
   (0.5s) no symmetry present
presolving (24 rounds: 24 fast, 6 medium, 4 exhaustive):
 41888 deleted vars, 59746 deleted constraints, 214 added constraints, 50448 tightened bounds, 0 added holes, 139 changed sides, 31 changed coefficients
 115 implications, 0 cliques
presolved problem has 153 variables (31 bin, 0 int, 0 impl, 122 cont) and 78 constraints
      2 constraints of type <varbound>
     76 constraints of type <linear>
Presolving Time: 0.37

 time | node  | left  |LP iter|LP it/n|mem/heur|mdpt |vars |cons |rows |cuts |sepa|confs|strbr|  dualbound   | primalbound  |  gap   | compl. 
p 0.5s|     1 |     0 |    39 |     - |   locks|   0 | 153 |  78 |  78 |   0 |  0 |   0 |   0 | 1.356167e+07 | 6.038978e+05 |2145.69%| unknown
  0.5s|     1 |     0 |    63 |     - |   158M |   0 | 153 |  78 |  78 |   0 |  0 |   0 |   0 | 7.486961e+05 | 6.038978e+05 |  23.98%| unknown
  0.5s|     1 |     0 |    68 |     - |   158M |   0 | 153 |  78 |  81 |   3 |  1 |   0 |   0 | 7.418974e+05 | 6.038978e+05 |  22.85%| unknown
  0.5s|     1 |     0 |    70 |     - |   158M |   0 | 153 |  78 |  82 |   4 |  2 |   0 |   0 | 7.408811e+05 | 6.038978e+05 |  22.68%| unknown
  0.5s|     1 |     0 |    72 |     - |   158M |   0 | 153 |  78 |  83 |   5 |  3 |   0 |   0 | 7.398649e+05 | 6.038978e+05 |  22.51%| unknown
  0.5s|     1 |     0 |    73 |     - |   158M |   0 | 153 |  78 |  84 |   6 |  4 |   0 |   0 | 7.396017e+05 | 6.038978e+05 |  22.47%| unknown
  0.5s|     1 |     0 |    75 |     - |   158M |   0 | 153 |  78 |  86 |   8 |  5 |   0 |   0 | 7.373164e+05 | 6.038978e+05 |  22.09%| unknown
r 0.5s|     1 |     0 |    75 |     - |randroun|   0 | 153 |  78 |  86 |   0 |  5 |   0 |   0 | 7.373164e+05 | 7.364753e+05 |   0.11%| unknown
  0.5s|     1 |     0 |    75 |     - |   159M |   0 | 153 |  36 |  86 |   8 |  7 |   0 |   0 | 7.373164e+05 | 7.364753e+05 |   0.11%| unknown
  0.5s|     1 |     0 |    76 |     - |   159M |   0 | 153 |  36 |  87 |   9 |  8 |   0 |   0 | 7.364753e+05 | 7.364753e+05 |   0.00%| unknown
  0.5s|     1 |     0 |    76 |     - |   159M |   0 | 153 |  36 |  87 |   9 |  8 |   0 |   0 | 7.364753e+05 | 7.364753e+05 |   0.00%| unknown

SCIP Status        : problem is solved [optimal solution found]
Solving Time (sec) : 0.53
Solving Nodes      : 1
Primal Bound       : +7.36475298146342e+05 (3 solutions)
Dual Bound         : +7.36475298146342e+05
Gap                : 0.00 %

primal solution (original space):
=================================

objective value:                     736475.298146341
s#1                                                 1 	(obj:-3660)
s#10                                                1 	(obj:-3660)
s#12                                                1 	(obj:-3660)
s#23                                                1 	(obj:-3660)
s#35                                                1 	(obj:-3660)
s#47                                                1 	(obj:-3660)
x#1#18#2                                           47 	(obj:-20.3834863654341)
x#1#19#2                                           58 	(obj:-21.3707218504201)
x#1#61#3                                          587 	(obj:-4.62235649546828)
x#2#8#1                                           149 	(obj:-11.150896735415)
x#2#8#2                                           142 	(obj:-11.150896735415)
x#2#9#1                                           143 	(obj:-12.0356028862058)
x#2#9#2                                           117 	(obj:-12.0356028862058)
x#2#20#2                                           58 	(obj:-22.3724957052615)
x#2#62#3                                          587 	(obj:-4.62235649546828)
x#3#9#1                                           149 	(obj:-12.0356028862058)
x#3#9#2                                           142 	(obj:-12.0356028862058)
x#3#10#1                                          143 	(obj:-12.9288727928426)
x#3#10#2                                          117 	(obj:-12.9288727928426)
x#3#21#2                                           58 	(obj:-23.3833806341359)
x#3#63#3                                          587 	(obj:-4.62235649546828)
x#4#10#1                                          149 	(obj:-12.9288727928426)
x#4#10#2                                          142 	(obj:-12.9288727928426)
x#4#11#1                                          143 	(obj:-13.8306429939341)
x#4#11#2                                          117 	(obj:-13.8306429939341)
x#4#22#2                                           58 	(obj:-17.5214575150235)
x#4#64#3                                          587 	(obj:-4.62235649546828)
x#5#11#1                                          149 	(obj:-13.8306429939341)
x#5#11#2                                          142 	(obj:-13.8306429939341)
x#5#12#1                                          143 	(obj:-14.7408500280891)
x#5#12#3                                          117 	(obj:0)
x#5#23#2                                           58 	(obj:-17.5214575150235)
x#5#65#3                                          587 	(obj:-4.62235649546828)
x#6#12#1                                          149 	(obj:-14.7408500280891)
x#6#12#3                                          142 	(obj:0)
x#6#13#1                                          143 	(obj:-15.6594304339164)
x#6#13#3                                          117 	(obj:-4.62235649546828)
x#6#24#2                                           58 	(obj:-17.5214575150235)
x#6#66#3                                          587 	(obj:-4.62235649546828)
x#7#0#1                                        252.41 	(obj:-45.9802844510504)
x#7#0#2                                        252.41 	(obj:-45.9802844510504)
x#7#13#1                                          149 	(obj:-15.6594304339164)
x#7#13#3                                          142 	(obj:-4.62235649546828)
x#7#14#1                                          143 	(obj:-16.5863207500249)
x#7#14#3                                          117 	(obj:-4.62235649546828)
x#7#25#2                                           58 	(obj:-17.5214575150235)
x#7#67#3                                          587 	(obj:-4.62235649546828)
x#8#1#1                                        252.41 	(obj:-5.24254779799416)
x#8#1#2                                        252.41 	(obj:-5.24254779799416)
x#8#14#1                                          149 	(obj:-16.5863207500249)
x#8#14#3                                          142 	(obj:-4.62235649546828)
x#8#15#1                                          143 	(obj:-19.2736032665258)
x#8#15#3                                          117 	(obj:-4.62235649546828)
x#8#26#2                                           58 	(obj:-17.5214575150235)
x#8#68#3                                          587 	(obj:-4.62235649546828)
x#9#2#1                                        252.41 	(obj:-6.05421092486207)
x#9#2#2                                        252.41 	(obj:-6.05421092486207)
x#9#15#1                                          149 	(obj:-19.2736032665258)
x#9#15#3                                          142 	(obj:-4.62235649546828)
x#9#16#1                                          143 	(obj:-20.3112549942729)
x#9#16#3                                          117 	(obj:-4.62235649546828)
x#9#27#2                                           58 	(obj:-17.5214575150235)
x#9#69#3                                          587 	(obj:-4.62235649546828)
x#10#3#1                                       252.41 	(obj:-6.87550949817744)
x#10#3#2                                       252.41 	(obj:-6.87550949817744)
x#10#16#1                                         149 	(obj:-20.3112549942729)
x#10#16#3                                         142 	(obj:-4.62235649546828)
x#10#17#1                                         143 	(obj:-21.3578382007385)
x#10#17#3                                         117 	(obj:-4.62235649546828)
x#10#28#2                                          58 	(obj:-17.5214575150235)
x#10#70#3                                         587 	(obj:-4.62235649546828)
x#11#4#1                                       252.41 	(obj:-7.70746468295299)
x#11#4#2                                       252.41 	(obj:-7.70746468295299)
x#11#17#3                                         142 	(obj:-4.62235649546828)
x#11#18#3                                         117 	(obj:-4.62235649546828)
x#11#29#2                                          58 	(obj:-17.5214575150235)
x#11#71#3                                         587 	(obj:-4.62235649546828)
x#12#5#1                                       252.41 	(obj:-8.55109764420144)
x#12#5#2                                       252.41 	(obj:-8.55109764420144)
x#12#18#3                                         142 	(obj:-4.62235649546828)
x#12#19#3                                         117 	(obj:-4.62235649546828)
x#12#30#2                                          58 	(obj:-17.5214575150235)
x#12#72#3                                         587 	(obj:-4.62235649546828)
x#13#6#1                                       252.41 	(obj:-9.4074295469355)
x#13#6#2                                       252.41 	(obj:-9.4074295469355)
x#13#19#3                                         142 	(obj:-4.62235649546828)
x#13#20#3                                         117 	(obj:-4.62235649546828)
x#13#73#3                                         587 	(obj:-4.62235649546828)
x#14#7#1                                       252.41 	(obj:-10.2748178018611)
x#14#7#2                                       252.41 	(obj:-10.2748178018611)
x#14#20#3                                         142 	(obj:-4.62235649546828)
x#14#21#3                                         117 	(obj:-4.62235649546828)
x#14#74#3                                         587 	(obj:-4.62235649546828)
x#15#8#1                                       252.41 	(obj:-11.150896735415)
x#15#8#2                                       252.41 	(obj:-11.150896735415)
x#15#21#3                                         142 	(obj:-4.62235649546828)
x#15#22#3                                         117 	(obj:-4.62235649546828)
x#15#75#3                                         587 	(obj:-4.62235649546828)
x#16#9#1                                       252.41 	(obj:-12.0356028862058)
x#16#9#2                                       252.41 	(obj:-12.0356028862058)
x#16#22#3                                         142 	(obj:-4.62235649546828)
x#16#23#3                                         117 	(obj:-4.62235649546828)
x#16#76#3                                         587 	(obj:-4.62235649546828)
x#17#10#1                                      252.41 	(obj:-12.9288727928426)
x#17#10#2                                      252.41 	(obj:-12.9288727928426)
x#17#23#3                                         142 	(obj:-4.62235649546828)
x#17#24#3                                         117 	(obj:-4.62235649546828)
x#17#77#3                                         587 	(obj:-4.62235649546828)
x#18#11#1                                      252.41 	(obj:-13.8306429939341)
x#18#11#2                                      252.41 	(obj:-13.8306429939341)
x#18#24#3                                         142 	(obj:-4.62235649546828)
x#18#25#3                                         117 	(obj:-4.62235649546828)
x#18#78#3                                         587 	(obj:-4.62235649546828)
x#19#0#1                                       363.78 	(obj:-45.9802844510504)
x#19#0#2                                       363.78 	(obj:-45.9802844510504)
x#19#12#1                                      252.41 	(obj:-14.7408500280891)
x#19#12#2                                      252.41 	(obj:-14.7408500280891)
x#19#25#3                                         142 	(obj:-4.62235649546828)
x#19#26#3                                         117 	(obj:-4.62235649546828)
x#19#79#3                                         587 	(obj:-4.62235649546828)
x#20#1#1                                       363.78 	(obj:-5.24254779799416)
x#20#1#2                                       363.78 	(obj:-5.24254779799416)
x#20#13#1                                      252.41 	(obj:-15.6594304339164)
x#20#13#2                                      252.41 	(obj:-15.6594304339164)
x#20#26#3                                         142 	(obj:-4.62235649546828)
x#20#27#3                                         117 	(obj:-4.62235649546828)
x#20#80#3                                         587 	(obj:-4.62235649546828)
x#21#2#1                                       363.78 	(obj:-6.05421092486207)
x#21#2#2                                       363.78 	(obj:-6.05421092486207)
x#21#14#1                                      252.41 	(obj:-16.5863207500249)
x#21#14#2                                      252.41 	(obj:-16.5863207500249)
x#21#27#3                                         142 	(obj:-4.62235649546828)
x#21#28#3                                         117 	(obj:-4.62235649546828)
x#21#81#3                                         587 	(obj:-4.62235649546828)
x#22#3#1                                       363.78 	(obj:-6.87550949817744)
x#22#3#2                                       363.78 	(obj:-6.87550949817744)
x#22#15#1                                      252.41 	(obj:-19.2736032665258)
x#22#15#2                                      252.41 	(obj:-17.5214575150235)
x#22#28#3                                         142 	(obj:-4.62235649546828)
x#22#29#3                                         117 	(obj:-4.62235649546828)
x#22#82#3                                         587 	(obj:-4.62235649546828)
x#23#4#1                                       363.78 	(obj:-7.70746468295299)
x#23#4#2                                       363.78 	(obj:-7.70746468295299)
x#23#16#1                                      252.41 	(obj:-20.3112549942729)
x#23#16#2                                      252.41 	(obj:-18.4647772675209)
x#23#29#3                                         142 	(obj:-4.62235649546828)
x#23#30#3                                         117 	(obj:-4.62235649546828)
x#23#83#3                                         587 	(obj:-4.62235649546828)
x#24#5#1                                       363.78 	(obj:-8.55109764420144)
x#24#5#2                                       363.78 	(obj:-8.55109764420144)
x#24#30#3                                         142 	(obj:-4.62235649546828)
x#24#31#3                                         117 	(obj:-4.62235649546828)
x#24#84#3                                         587 	(obj:-4.62235649546828)
x#25#6#1                                       363.78 	(obj:-9.4074295469355)
x#25#6#2                                       363.78 	(obj:-9.4074295469355)
x#25#31#3                                         142 	(obj:-4.62235649546828)
x#25#32#3                                         117 	(obj:-4.62235649546828)
x#25#85#3                                         587 	(obj:-4.62235649546828)
x#26#7#1                                       363.78 	(obj:-10.2748178018611)
x#26#7#2                                       363.78 	(obj:-10.2748178018611)
x#26#32#3                                         142 	(obj:-4.62235649546828)
x#26#33#3                                         117 	(obj:-4.62235649546828)
x#26#86#3                                         587 	(obj:-4.62235649546828)
x#27#8#1                                       363.78 	(obj:-11.150896735415)
x#27#8#2                                       363.78 	(obj:-11.150896735415)
x#27#33#3                                         142 	(obj:-4.62235649546828)
x#27#34#3                                         117 	(obj:-4.62235649546828)
x#27#87#3                                         587 	(obj:-4.62235649546828)
x#28#9#1                                       363.78 	(obj:-12.0356028862058)
x#28#9#2                                       363.78 	(obj:-12.0356028862058)
x#28#34#3                                         142 	(obj:-4.62235649546828)
x#28#35#3                                         117 	(obj:-4.62235649546828)
x#28#88#3                                         587 	(obj:-4.62235649546828)
x#29#10#1                                      363.78 	(obj:-12.9288727928426)
x#29#10#2                                      363.78 	(obj:-12.9288727928426)
x#29#35#3                                         142 	(obj:-4.62235649546828)
x#29#36#3                                         117 	(obj:-4.62235649546828)
x#29#89#3                                         587 	(obj:-4.62235649546828)
x#30#11#1                                      363.78 	(obj:-13.8306429939341)
x#30#11#2                                      363.78 	(obj:-13.8306429939341)
x#30#36#3                                         142 	(obj:-4.62235649546828)
x#30#37#3                                         117 	(obj:-4.62235649546828)
x#30#90#3                                         587 	(obj:-4.62235649546828)
x#31#0#1                                       363.78 	(obj:-45.9802844510504)
x#31#0#2                                       363.78 	(obj:-45.9802844510504)
x#31#12#1                                      363.78 	(obj:-14.7408500280891)
x#31#12#2                                      363.78 	(obj:-14.7408500280891)
x#31#37#3                                         142 	(obj:-4.62235649546828)
x#31#38#3                                         117 	(obj:-4.62235649546828)
x#31#91#3                                         587 	(obj:-4.62235649546828)
x#32#1#1                                       363.78 	(obj:-5.24254779799416)
x#32#1#2                                       363.78 	(obj:-5.24254779799416)
x#32#13#1                                      363.78 	(obj:-15.6594304339164)
x#32#13#2                                      363.78 	(obj:-15.6594304339164)
x#32#38#3                                         142 	(obj:-4.62235649546828)
x#32#39#3                                         117 	(obj:-4.62235649546828)
x#32#92#3                                         328 	(obj:-4.62235649546828)
x#33#2#1                                       363.78 	(obj:-6.05421092486207)
x#33#2#2                                       363.78 	(obj:-6.05421092486207)
x#33#14#1                                      363.78 	(obj:-16.5863207500249)
x#33#14#2                                      363.78 	(obj:-16.5863207500249)
x#33#39#3                                         142 	(obj:-4.62235649546828)
x#33#40#3                                         117 	(obj:-4.62235649546828)
x#33#93#3                                         328 	(obj:-4.62235649546828)
x#34#3#1                                       363.78 	(obj:-6.87550949817744)
x#34#3#2                                       363.78 	(obj:-6.87550949817744)
x#34#15#1                                      363.78 	(obj:-19.2736032665258)
x#34#15#2                                      363.78 	(obj:-17.5214575150235)
x#34#40#3                                         142 	(obj:-4.62235649546828)
x#34#41#3                                         117 	(obj:-4.62235649546828)
x#34#94#3                                         328 	(obj:-4.62235649546828)
x#35#4#1                                       363.78 	(obj:-7.70746468295299)
x#35#4#2                                       363.78 	(obj:-7.70746468295299)
x#35#16#1                                      363.78 	(obj:-20.3112549942729)
x#35#16#2                                      363.78 	(obj:-18.4647772675209)
x#35#41#3                                         142 	(obj:-4.62235649546828)
x#35#42#3                                         117 	(obj:-4.62235649546828)
x#35#95#3                                         328 	(obj:-4.62235649546828)
x#36#5#1                                       363.78 	(obj:-8.55109764420144)
x#36#5#2                                       363.78 	(obj:-8.55109764420144)
x#36#42#3                                         142 	(obj:-4.62235649546828)
x#36#43#3                                         117 	(obj:-4.62235649546828)
x#36#96#3                                         328 	(obj:-4.62235649546828)
x#37#6#1                                       363.78 	(obj:-9.4074295469355)
x#37#6#2                                       363.78 	(obj:-9.4074295469355)
x#37#43#3                                         142 	(obj:-4.62235649546828)
x#37#44#3                                         117 	(obj:-4.62235649546828)
x#37#97#3                                         328 	(obj:-4.62235649546828)
x#38#7#1                                       363.78 	(obj:-10.2748178018611)
x#38#7#2                                       363.78 	(obj:-10.2748178018611)
x#38#44#3                                         142 	(obj:-4.62235649546828)
x#38#45#3                                         117 	(obj:-4.62235649546828)
x#38#98#3                                         328 	(obj:-4.62235649546828)
x#39#8#1                                       363.78 	(obj:-11.150896735415)
x#39#8#2                                       363.78 	(obj:-11.150896735415)
x#39#45#3                                         142 	(obj:-4.62235649546828)
x#39#46#3                                         117 	(obj:-4.62235649546828)
x#39#99#3                                         328 	(obj:-4.62235649546828)
x#40#9#1                                       363.78 	(obj:-12.0356028862058)
x#40#9#2                                       363.78 	(obj:-12.0356028862058)
x#40#46#3                                         142 	(obj:-4.62235649546828)
x#40#47#3                                         117 	(obj:-4.62235649546828)
x#40#100#3                                        328 	(obj:-4.62235649546828)
x#41#10#1                                      363.78 	(obj:-12.9288727928426)
x#41#10#2                                      363.78 	(obj:-12.9288727928426)
x#41#47#3                                         142 	(obj:-4.62235649546828)
x#41#48#3                                         117 	(obj:-4.62235649546828)
x#41#101#3                                        328 	(obj:-4.62235649546828)
x#42#11#1                                      363.78 	(obj:-13.8306429939341)
x#42#11#2                                      363.78 	(obj:-13.8306429939341)
x#42#48#3                                         142 	(obj:-4.62235649546828)
x#42#49#3                                         117 	(obj:-4.62235649546828)
x#42#102#3                                        328 	(obj:-4.62235649546828)
x#43#0#1                                       252.41 	(obj:-45.9802844510504)
x#43#0#2                                       252.41 	(obj:-45.9802844510504)
x#43#12#1                                      363.78 	(obj:-14.7408500280891)
x#43#12#2                                      363.78 	(obj:-14.7408500280891)
x#43#49#3                                         142 	(obj:-4.62235649546828)
x#43#50#3                                         117 	(obj:-4.62235649546828)
x#43#103#3                                        328 	(obj:-4.62235649546828)
x#44#1#1                                       252.41 	(obj:-5.24254779799416)
x#44#1#2                                       252.41 	(obj:-5.24254779799416)
x#44#13#1                                      363.78 	(obj:-15.6594304339164)
x#44#13#2                                      363.78 	(obj:-15.6594304339164)
x#44#50#3                                         142 	(obj:-4.62235649546828)
x#44#51#3                                         117 	(obj:-4.62235649546828)
x#44#104#3                                        328 	(obj:-4.62235649546828)
x#45#2#1                                       252.41 	(obj:-6.05421092486207)
x#45#2#2                                       252.41 	(obj:-6.05421092486207)
x#45#14#1                                      363.78 	(obj:-16.5863207500249)
x#45#14#2                                      363.78 	(obj:-16.5863207500249)
x#45#51#3                                         142 	(obj:-4.62235649546828)
x#45#52#3                                         117 	(obj:-4.62235649546828)
x#45#105#3                                        328 	(obj:-4.62235649546828)
x#46#3#1                                       252.41 	(obj:-6.87550949817744)
x#46#3#2                                       252.41 	(obj:-6.87550949817744)
x#46#15#1                                      363.78 	(obj:-19.2736032665258)
x#46#15#2                                      363.78 	(obj:-17.5214575150235)
x#46#52#3                                         142 	(obj:-4.62235649546828)
x#46#53#3                                         117 	(obj:-4.62235649546828)
x#46#106#3                                        328 	(obj:-4.62235649546828)
x#47#4#1                                       252.41 	(obj:-7.70746468295299)
x#47#4#2                                       252.41 	(obj:-7.70746468295299)
x#47#16#1                                      363.78 	(obj:-20.3112549942729)
x#47#16#2                                      363.78 	(obj:-18.4647772675209)
x#47#53#3                                         142 	(obj:-4.62235649546828)
x#47#54#3                                         117 	(obj:-4.62235649546828)
x#47#107#3                                        328 	(obj:-4.62235649546828)
x#48#5#1                                       252.41 	(obj:-8.55109764420144)
x#48#5#2                                       252.41 	(obj:-8.55109764420144)
x#48#54#3                                         142 	(obj:-4.62235649546828)
x#48#55#3                                         117 	(obj:-4.62235649546828)
x#48#108#3                                        328 	(obj:-4.62235649546828)
x#0#6#1                                           149 	(obj:0)
x#0#6#2                                           142 	(obj:0)
x#0#7#1                                           143 	(obj:0)
x#0#7#2                                           117 	(obj:0)
x#0#17#2                                           47 	(obj:0)
x#0#18#2                                           58 	(obj:0)
x#0#60#3                                          587 	(obj:0)
y#1#18#2                                           47 	(obj:688)
y#10#16#1                                         149 	(obj:550)
y#10#17#1                                         143 	(obj:550)
y#12#30#2                                          58 	(obj:793)
y#23#16#1                                      252.41 	(obj:550)
y#23#16#2                                      252.41 	(obj:688)
y#31#91#3                                         259 	(obj:157)
y#35#16#1                                      363.78 	(obj:550)
y#35#16#2                                      363.78 	(obj:688)
y#47#16#1                                      363.78 	(obj:550)
y#47#16#2                                      363.78 	(obj:688)
w#4#11                                            117 	(obj:0)
w#5#11                                            142 	(obj:0)
n#7#1                                          252.41 	(obj:0)
n#7#2                                          252.41 	(obj:0)
n#19#1                                         363.78 	(obj:0)
n#19#2                                         363.78 	(obj:0)
n#31#1                                         363.78 	(obj:0)
n#31#2                                         363.78 	(obj:0)
n#43#1                                         252.41 	(obj:0)
n#43#2                                         252.41 	(obj:0)
x#1#7#1                                           149 	(obj:-10.2748178018611)
x#1#7#2                                           142 	(obj:-10.2748178018611)
x#1#8#1                                           143 	(obj:-11.150896735415)
x#1#8#2                                           117 	(obj:-11.150896735415)

Statistics
==========

SCIP Status        : problem is solved [optimal solution found]
Total Time         :       1.37
  solving          :       0.53
  presolving       :       0.37 (included in solving)
  reading          :       0.84
  copying          :       0.00 (0 times copied the problem)
Original Problem   :
  Problem name     : model_strategy_1eng.zpl
  Variables        : 42041 (48 binary, 0 integer, 0 implicit integer, 41993 continuous)
  Constraints      : 59610 initial, 59610 maximal
  Objective        : maximize, 22752 non-zeros (abs.min = 4.62236, abs.max = 3660)
Presolved Problem  :
  Problem name     : t_model_strategy_1eng.zpl
  Variables        : 153 (31 binary, 0 integer, 0 implicit integer, 122 continuous)
  Constraints      : 78 initial, 78 maximal
  Objective        : minimize, 153 non-zeros (abs.min = 138.489, abs.max = 3660)
  Nonzeros         : 434 constraint, 0 clique table
Presolvers         :   ExecTime  SetupTime  Calls  FixedVars   AggrVars   ChgTypes  ChgBounds   AddHoles    DelCons    AddCons   ChgSides   ChgCoefs
  boundshift       :       0.00       0.00      0          0          0          0          0          0          0          0          0          0
  convertinttobin  :       0.00       0.00      0          0          0          0          0          0          0          0          0          0
  domcol           :       0.00       0.00      1          0          0          0          0          0          0          0          0          0
  dualagg          :       0.00       0.00      0          0          0          0          0          0          0          0          0          0
  dualcomp         :       0.00       0.00      1          0          0          0          0          0          0          0          0          0
  dualinfer        :       0.00       0.00      0          0          0          0          0          0          0          0          0          0
  dualsparsify     :       0.00       0.00      1          0          0          0          0          0          0          0          0          0
  gateextraction   :       0.00       0.00      0          0          0          0          0          0          0          0          0          0
  implics          :       0.00       0.00      6          0          0          0          0          0          0          0          0          0
  inttobinary      :       0.00       0.00      0          0          0          0          0          0          0          0          0          0
  milp             :       0.04       0.00      2         82        198          0          0          0        541        214          0          0
  qpkktref         :       0.00       0.00      0          0          0          0          0          0          0          0          0          0
  redvub           :       0.00       0.00      0          0          0          0          0          0          0          0          0          0
  sparsify         :       0.00       0.00      1          0          0          0          0          0          0          0          0          0
  stuffing         :       0.00       0.00      0          0          0          0          0          0          0          0          0          0
  trivial          :       0.00       0.00     24          0          0          0          0          0          0          0          0          0
  tworowbnd        :       0.00       0.00      0          0          0          0          0          0          0          0          0          0
  dualfix          :       0.01       0.00     24         22          0          0          0          0          0          0          0          0
  genvbounds       :       0.00       0.00      0          0          0          0          0          0          0          0          0          0
  probing          :       0.01       0.00      1          0          0          0          0          0          0          0          0          0
  pseudoobj        :       0.00       0.00      0          0          0          0          0          0          0          0          0          0
  symmetry         :       0.00       0.00      1          0          0          0          0          0          0          0          0          0
  vbounds          :       0.00       0.00      0          0          0          0          0          0          0          0          0          0
  varbound         :       0.00       0.00      4          0          0          0          0          0          0          0          0          0
  linear           :       0.19       0.02     28      38054       3532          0      50448          0      59205          0        139         31
  benders          :       0.00       0.00      0          0          0          0          0          0          0          0          0          0
  components       :       0.00       0.00      1          0          0          0          0          0          0          0          0          0
  root node        :          -          -      -         21          -          -         94          -          -          -          -          -
Constraints        :     Number  MaxNumber  #Separate #Propagate    #EnfoLP    #EnfoRelax  #EnfoPS    #Check   #ResProp    Cutoffs    DomReds       Cuts    Applied      Conss   Children
  benderslp        :          0          0          0          0          0          0          0         18          0          0          0          0          0          0          0
  integral         :          0          0          0          0          0          0          0         18          0          0          0          0          0          0          0
  varbound         :          2          2          6        132          0          0          0         12          0          0          1          0          0          0          0
  linear           :         76         76          7        163          0          0          0         11          0          0         72          0          0          0          0
  benders          :          0          0          0          0          0          0          0          4          0          0          0          0          0          0          0
  countsols        :          0          0          0          0          0          0          0          4          0          0          0          0          0          0          0
  components       :          0          0          0          0          0          0          0          0          0          0          0          0          0          0          0
Constraint Timings :  TotalTime  SetupTime   Separate  Propagate     EnfoLP     EnfoPS     EnfoRelax   Check    ResProp    SB-Prop
  benderslp        :       0.00       0.00       0.00       0.00       0.00       0.00       0.00       0.00       0.00       0.00
  integral         :       0.00       0.00       0.00       0.00       0.00       0.00       0.00       0.00       0.00       0.00
  varbound         :       0.00       0.00       0.00       0.00       0.00       0.00       0.00       0.00       0.00       0.00
  linear           :       0.02       0.02       0.00       0.00       0.00       0.00       0.00       0.00       0.00       0.00
  benders          :       0.00       0.00       0.00       0.00       0.00       0.00       0.00       0.00       0.00       0.00
  countsols        :       0.00       0.00       0.00       0.00       0.00       0.00       0.00       0.00       0.00       0.00
  components       :       0.00       0.00       0.00       0.00       0.00       0.00       0.00       0.00       0.00       0.00
Propagators        : #Propagate   #ResProp    Cutoffs    DomReds
  dualfix          :          4          0          0          0
  genvbounds       :          0          0          0          0
  nlobbt           :          0          0          0          0
  obbt             :          0          0          0          0
  probing          :          0          0          0          0
  pseudoobj        :         13          0          0          0
  redcost          :          8          0          0         21
  rootredcost      :          0          0          0          0
  symmetry         :          0          0          0          0
  vbounds          :         72          0          0          0
Propagator Timings :  TotalTime  SetupTime   Presolve  Propagate    ResProp    SB-Prop
  dualfix          :       0.01       0.00       0.01       0.00       0.00       0.00
  genvbounds       :       0.00       0.00       0.00       0.00       0.00       0.00
  nlobbt           :       0.00       0.00       0.00       0.00       0.00       0.00
  obbt             :       0.00       0.00       0.00       0.00       0.00       0.00
  probing          :       0.01       0.00       0.01       0.00       0.00       0.00
  pseudoobj        :       0.00       0.00       0.00       0.00       0.00       0.00
  redcost          :       0.00       0.00       0.00       0.00       0.00       0.00
  rootredcost      :       0.00       0.00       0.00       0.00       0.00       0.00
  symmetry         :       0.00       0.00       0.00       0.00       0.00       0.00
  vbounds          :       0.00       0.00       0.00       0.00       0.00       0.00
Conflict Analysis  :       Time      Calls    Success    DomReds  Conflicts   Literals    Reconvs ReconvLits   Dualrays   Nonzeros   LP Iters   (pool size: [--,--])
  propagation      :       0.00          0          0          -          0        0.0          0        0.0          -          -          -
  infeasible LP    :       0.00          0          0          -          0        0.0          0        0.0          0        0.0          0
  bound exceed. LP :       0.00          0          0          -          0        0.0          0        0.0          0        0.0          0
  strong branching :       0.00          0          0          -          0        0.0          0        0.0          -          -          0
  pseudo solution  :       0.00          0          0          -          0        0.0          0        0.0          -          -          -
  applied globally :       0.00          -          -          0          0        0.0          -          -          0          -          -
  applied locally  :          -          -          -          0          0        0.0          -          -          0          -          -
Separators         :   ExecTime  SetupTime      Calls    Cutoffs    DomReds       Cuts    Applied      Conss
  cut pool         :       0.00                    12          -          -         19          -          -    (maximal pool size: 21)
  aggregation      :       0.01       0.00          7          0          0          6          0          0
  cgmip            :       0.00       0.00          0          0          0          0          0          0
  clique           :       0.00       0.00          1          0          0          0          0          0
  closecuts        :       0.00       0.00          0          0          0          0          0          0
  cmir             :       0.00       0.00          0          0          0          0          0          0
  convexproj       :       0.00       0.00          0          0          0          0          0          0
  disjunctive      :       0.00       0.00          0          0          0          0          0          0
  eccuts           :       0.00       0.00          0          0          0          0          0          0
  flowcover        :       0.00       0.00          0          0          0          0          0          0
  gauge            :       0.00       0.00          0          0          0          0          0          0
  gomory           :       0.00       0.00          7          0          0          6          1          0
  impliedbounds    :       0.00       0.00          7          0          0          9          8          0
  intobj           :       0.00       0.00          0          0          0          0          0          0
  mcf              :       0.00       0.00          1          0          0          0          0          0
  oddcycle         :       0.00       0.00          0          0          0          0          0          0
  rapidlearning    :       0.00       0.00          0          0          0          0          0          0
  strongcg         :       0.00       0.00          7          0          0          0          0          0
  zerohalf         :       0.00       0.00          7          0          0          0          0          0
Pricers            :   ExecTime  SetupTime      Calls       Vars
  problem variables:       0.00          -          0          0
Branching Rules    :   ExecTime  SetupTime   BranchLP  BranchExt   BranchPS    Cutoffs    DomReds       Cuts      Conss   Children
  allfullstrong    :       0.00       0.00          0          0          0          0          0          0          0          0
  cloud            :       0.00       0.00          0          0          0          0          0          0          0          0
  distribution     :       0.00       0.00          0          0          0          0          0          0          0          0
  fullstrong       :       0.00       0.00          0          0          0          0          0          0          0          0
  inference        :       0.00       0.00          0          0          0          0          0          0          0          0
  leastinf         :       0.00       0.00          0          0          0          0          0          0          0          0
  lookahead        :       0.00       0.00          0          0          0          0          0          0          0          0
  mostinf          :       0.00       0.00          0          0          0          0          0          0          0          0
  multaggr         :       0.00       0.00          0          0          0          0          0          0          0          0
  nodereopt        :       0.00       0.00          0          0          0          0          0          0          0          0
  pscost           :       0.00       0.00          0          0          0          0          0          0          0          0
  random           :       0.00       0.00          0          0          0          0          0          0          0          0
  relpscost        :       0.00       0.00          0          0          0          0          0          0          0          0
  vanillafullstrong:       0.00       0.00          0          0          0          0          0          0          0          0
Primal Heuristics  :   ExecTime  SetupTime      Calls      Found       Best
  LP solutions     :       0.00          -          -          0          0
  relax solutions  :       0.00          -          -          0          0
  pseudo solutions :       0.00          -          -          0          0
  strong branching :       0.00          -          -          0          0
  actconsdiving    :       0.00       0.00          0          0          0
  adaptivediving   :       0.00       0.00          0          0          0
  alns             :       0.00       0.00          0          0          0
  bound            :       0.00       0.00          0          0          0
  clique           :       0.00       0.00          0          0          0
  coefdiving       :       0.00       0.00          0          0          0
  completesol      :       0.00       0.00          0          0          0
  conflictdiving   :       0.00       0.00          0          0          0
  crossover        :       0.00       0.00          0          0          0
  dins             :       0.00       0.00          0          0          0
  distributiondivin:       0.00       0.00          0          0          0
  dualval          :       0.00       0.00          0          0          0
  farkasdiving     :       0.00       0.00          0          0          0
  feaspump         :       0.00       0.00          0          0          0
  fixandinfer      :       0.00       0.00          0          0          0
  fracdiving       :       0.00       0.00          0          0          0
  gins             :       0.00       0.00          0          0          0
  guideddiving     :       0.00       0.00          0          0          0
  indicator        :       0.00       0.00          0          0          0
  intdiving        :       0.00       0.00          0          0          0
  intshifting      :       0.00       0.00          0          0          0
  linesearchdiving :       0.00       0.00          0          0          0
  localbranching   :       0.00       0.00          0          0          0
  locks            :       0.02       0.00          1          1          1
  lpface           :       0.00       0.00          0          0          0
  mpec             :       0.00       0.00          0          0          0
  multistart       :       0.00       0.00          0          0          0
  mutation         :       0.00       0.00          0          0          0
  nlpdiving        :       0.00       0.00          0          0          0
  objpscostdiving  :       0.00       0.00          0          0          0
  octane           :       0.00       0.00          0          0          0
  ofins            :       0.00       0.00          0          0          0
  oneopt           :       0.00       0.00          2          0          0
  padm             :       0.00       0.00          0          0          0
  proximity        :       0.00       0.00          0          0          0
  pscostdiving     :       0.00       0.00          0          0          0
  randrounding     :       0.00       0.00          6          1          1
  rens             :       0.00       0.00          0          0          0
  reoptsols        :       0.00       0.00          0          0          0
  repair           :       0.00       0.00          0          0          0
  rins             :       0.00       0.00          0          0          0
  rootsoldiving    :       0.00       0.00          0          0          0
  rounding         :       0.00       0.00          6          0          0
  shiftandpropagate:       0.00       0.00          0          0          0
  shifting         :       0.00       0.00          6          1          0
  simplerounding   :       0.00       0.00          0          0          0
  subnlp           :       0.00       0.00          0          0          0
  trivial          :       0.08       0.00          2          0          0
  trivialnegation  :       0.00       0.00          0          0          0
  trustregion      :       0.00       0.00          0          0          0
  trysol           :       0.00       0.00          0          0          0
  twoopt           :       0.00       0.00          0          0          0
  undercover       :       0.00       0.00          0          0          0
  vbounds          :       0.00       0.00          0          0          0
  veclendiving     :       0.00       0.00          0          0          0
  zeroobj          :       0.00       0.00          0          0          0
  zirounding       :       0.00       0.00          0          0          0
  other solutions  :          -          -          -          0          -
Diving (single)    :      Calls      Nodes   LP Iters Backtracks  Conflicts   MinDepth   MaxDepth   AvgDepth  RoundSols  NLeafSols  MinSolDpt  MaxSolDpt  AvgSolDpt
  actconsdiving    :          0          -          -          -          -          -          -          -          -          -          -          -          -
  coefdiving       :          0          -          -          -          -          -          -          -          -          -          -          -          -
  conflictdiving   :          0          -          -          -          -          -          -          -          -          -          -          -          -
  distributiondivin:          0          -          -          -          -          -          -          -          -          -          -          -          -
  farkasdiving     :          0          -          -          -          -          -          -          -          -          -          -          -          -
  fracdiving       :          0          -          -          -          -          -          -          -          -          -          -          -          -
  guideddiving     :          0          -          -          -          -          -          -          -          -          -          -          -          -
  linesearchdiving :          0          -          -          -          -          -          -          -          -          -          -          -          -
  pscostdiving     :          0          -          -          -          -          -          -          -          -          -          -          -          -
  veclendiving     :          0          -          -          -          -          -          -          -          -          -          -          -          -
Diving (adaptive)  :      Calls      Nodes   LP Iters Backtracks  Conflicts   MinDepth   MaxDepth   AvgDepth  RoundSols  NLeafSols  MinSolDpt  MaxSolDpt  AvgSolDpt
  actconsdiving    :          0          -          -          -          -          -          -          -          -          -          -          -          -
  coefdiving       :          0          -          -          -          -          -          -          -          -          -          -          -          -
  conflictdiving   :          0          -          -          -          -          -          -          -          -          -          -          -          -
  distributiondivin:          0          -          -          -          -          -          -          -          -          -          -          -          -
  farkasdiving     :          0          -          -          -          -          -          -          -          -          -          -          -          -
  fracdiving       :          0          -          -          -          -          -          -          -          -          -          -          -          -
  guideddiving     :          0          -          -          -          -          -          -          -          -          -          -          -          -
  linesearchdiving :          0          -          -          -          -          -          -          -          -          -          -          -          -
  pscostdiving     :          0          -          -          -          -          -          -          -          -          -          -          -          -
  veclendiving     :          0          -          -          -          -          -          -          -          -          -          -          -          -
Neighborhoods      :      Calls  SetupTime  SolveTime SolveNodes       Sols       Best       Exp3  EpsGreedy        UCB TgtFixRate  Opt  Inf Node Stal  Sol  Usr Othr Actv
  rens             :          0       0.00       0.00          0          0          0    0.00000   -1.00000    1.00000      0.900    0    0    0    0    0    0    0    1
  rins             :          0       0.00       0.00          0          0          0    0.00000   -1.00000    1.00000      0.900    0    0    0    0    0    0    0    1
  mutation         :          0       0.00       0.00          0          0          0    0.00000   -1.00000    1.00000      0.900    0    0    0    0    0    0    0    1
  localbranching   :          0       0.00       0.00          0          0          0    0.00000   -1.00000    1.00000      0.900    0    0    0    0    0    0    0    1
  crossover        :          0       0.00       0.00          0          0          0    0.00000   -1.00000    1.00000      0.900    0    0    0    0    0    0    0    1
  proximity        :          0       0.00       0.00          0          0          0    0.00000   -1.00000    1.00000      0.900    0    0    0    0    0    0    0    1
  zeroobjective    :          0       0.00       0.00          0          0          0    0.00000   -1.00000    1.00000      0.900    0    0    0    0    0    0    0    1
  dins             :          0       0.00       0.00          0          0          0    0.00000   -1.00000    1.00000      0.900    0    0    0    0    0    0    0    1
  trustregion      :          0       0.00       0.00          0          0          0    0.00000   -1.00000    1.00000      0.900    0    0    0    0    0    0    0    0
LP                 :       Time      Calls Iterations  Iter/call   Iter/sec  Time-0-It Calls-0-It    ItLimit
  primal LP        :       0.00          0          0       0.00          -       0.00          0
  dual LP          :       0.00          8         37       5.29          -       0.00          1
  lex dual LP      :       0.00          0          0       0.00          -
  barrier LP       :       0.00          0          0       0.00          -       0.00          0
  resolve instable :       0.00          0          0       0.00          -
  diving/probing LP:       0.01          1         39      39.00    3379.26
  strong branching :       0.00          0          0       0.00          -          -          -          0
    (at root node) :          -          0          0       0.00          -
  conflict analysis:       0.00          0          0       0.00          -
B&B Tree           :
  number of runs   :          1
  nodes            :          1 (0 internal, 1 leaves)
  feasible leaves  :          0
  infeas. leaves   :          0
  objective leaves :          0
  nodes (total)    :          1 (0 internal, 1 leaves)
  nodes left       :          0
  max depth        :          0
  max depth (total):          0
  backtracks       :          0 (0.0%)
  early backtracks :          0 (0.0%)
  nodes exc. ref.  :          0 (0.0%)
  delayed cutoffs  :          0
  repropagations   :          0 (0 domain reductions, 0 cutoffs)
  avg switch length:       2.00
  switching time   :       0.00
Estim. Tree Size   :          1
Estimation Tree    : 1 nodes (1 visited, 0 internal, 1 leaves, 0 open), weight: 1.0000 completed 1.0000
Estimations        :      estim      value      trend resolution     smooth
  wbe              :          1          -          -          -          -
  tree-profile     :         -1          -          -          -          -
  gap              :          1    1.00000    1.00000          1          1
  tree-weight      :          1    1.00000    1.00000          1          1
  leaf-frequency   :          1    0.50000    1.00000          1          1
  ssg              :          1    0.00000   -1.00000          1          1
  open-nodes       :          1    0.00000    0.00000          1          1
Root Node          :
  First LP value   : +7.48696097166831e+05
  First LP Iters   :         24 (101265.82 Iter/sec)
  First LP Time    :       0.00
  Final Dual Bound : +7.36475298146342e+05
  Final Root Iters :         37
  Root LP Estimate :                     -
Solution           :
  Solutions found  :          3 (2 improvements)
  First Solution   : +6.03897844481469e+05   (in run 1, after 1 nodes, 0.50 seconds, depth 32, found by <locks>)
  Gap First Sol.   :    2145.69 %
  Gap Last Sol.    :       0.11 %
  Primal Bound     : +7.36475298146342e+05   (in run 1, after 1 nodes, 0.53 seconds, depth 2, found by <randrounding>)
  Dual Bound       : +7.36475298146342e+05
  Gap              :       0.00 %
Integrals          :      Total       Avg%
  primal-dual      :      50.81      95.41
  primal-ref       :          -          - (not evaluated)
  dual-ref         :          -          - (not evaluated)
