SCIP version 7.0.2 [precision: 8 byte] [memory: block] [mode: optimized] [LP solver: SoPlex 5.0.2] [GitHash: dafb536cfd]
Copyright (C) 2002-2020 Konrad-Zuse-Zentrum fuer Informationstechnik Berlin (ZIB)

External codes: 
  Readline 7.0         GNU library for command line editing (gnu.org/s/readline)
  SoPlex 5.0.2         Linear Programming Solver developed at Zuse Institute Berlin (soplex.zib.de) [GitHash: 3623dbc0]
  CppAD 20180000.0     Algorithmic Differentiation of C++ algorithms developed by B. Bell (www.coin-or.org/CppAD)
  ZLIB 1.2.11          General purpose compression library by J. Gailly and M. Adler (zlib.net)
  GMP 6.1.2            GNU Multiple Precision Arithmetic Library developed by T. Granlund (gmplib.org)
  ZIMPL 3.4.0          Zuse Institute Mathematical Programming Language developed by T. Koch (zimpl.zib.de)
  PaPILO 1.0.1         parallel presolve for integer and linear optimization (https://github.com/lgottwald/PaPILO) [GitHash: 0638fc4]
  bliss 0.73p          Computing Graph Automorphism Groups by T. Junttila and P. Kaski (http://www.tcs.hut.fi/Software/bliss/)
  Ipopt 3.13.2         Interior Point Optimizer developed by A. Waechter et.al. (www.coin-or.org/Ipopt)

user parameter file <scip.set> not found - using default parameters

read problem <model_strategy_2eng.zpl>
============


base directory for ZIMPL parsing: </workspace>

original problem has 21497 variables (72 bin, 0 int, 0 impl, 21425 cont) and 30239 constraints

solve problem
=============

presolving:
(round 1, fast)       11529 del vars, 13066 del conss, 0 add conss, 15664 chg bounds, 0 chg sides, 0 chg coeffs, 0 upgd conss, 0 impls, 0 clqs
(round 2, fast)       21351 del vars, 29937 del conss, 0 add conss, 25682 chg bounds, 2 chg sides, 6 chg coeffs, 0 upgd conss, 0 impls, 0 clqs
(round 3, fast)       21357 del vars, 30079 del conss, 0 add conss, 25687 chg bounds, 5 chg sides, 6 chg coeffs, 0 upgd conss, 0 impls, 0 clqs
(round 4, fast)       21357 del vars, 30079 del conss, 0 add conss, 25693 chg bounds, 7 chg sides, 6 chg coeffs, 0 upgd conss, 0 impls, 0 clqs
(round 5, fast)       21357 del vars, 30079 del conss, 0 add conss, 25697 chg bounds, 7 chg sides, 9 chg coeffs, 0 upgd conss, 0 impls, 0 clqs
(round 6, fast)       21357 del vars, 30079 del conss, 0 add conss, 25700 chg bounds, 7 chg sides, 9 chg coeffs, 0 upgd conss, 0 impls, 0 clqs
(round 7, fast)       21357 del vars, 30079 del conss, 0 add conss, 25701 chg bounds, 7 chg sides, 10 chg coeffs, 0 upgd conss, 0 impls, 0 clqs
(round 8, exhaustive) 21357 del vars, 30151 del conss, 0 add conss, 25701 chg bounds, 61 chg sides, 10 chg coeffs, 0 upgd conss, 0 impls, 0 clqs
(round 9, fast)       21395 del vars, 30151 del conss, 0 add conss, 25701 chg bounds, 61 chg sides, 10 chg coeffs, 0 upgd conss, 0 impls, 0 clqs
(round 10, fast)       21411 del vars, 30167 del conss, 0 add conss, 25701 chg bounds, 99 chg sides, 10 chg coeffs, 0 upgd conss, 0 impls, 0 clqs
(round 11, fast)       21428 del vars, 30184 del conss, 0 add conss, 25701 chg bounds, 99 chg sides, 10 chg coeffs, 0 upgd conss, 0 impls, 0 clqs
   (0.2s) probing cycle finished: starting next cycle
(round 12, exhaustive) 21431 del vars, 30184 del conss, 0 add conss, 25702 chg bounds, 99 chg sides, 10 chg coeffs, 0 upgd conss, 24 impls, 0 clqs
(round 13, fast)       21432 del vars, 30186 del conss, 0 add conss, 25706 chg bounds, 99 chg sides, 10 chg coeffs, 3 upgd conss, 24 impls, 0 clqs
(round 14, fast)       21436 del vars, 30190 del conss, 0 add conss, 25706 chg bounds, 99 chg sides, 13 chg coeffs, 3 upgd conss, 24 impls, 0 clqs
   (0.2s) probing cycle finished: starting next cycle
   (0.2s) symmetry computation started: requiring (bin +, int -, cont +), (fixed: bin -, int +, cont -)
   (0.2s) no symmetry present
presolving (15 rounds: 15 fast, 3 medium, 3 exhaustive):
 21436 deleted vars, 30190 deleted constraints, 0 added constraints, 25706 tightened bounds, 0 added holes, 99 changed sides, 13 changed coefficients
 24 implications, 0 cliques
presolved problem has 61 variables (9 bin, 0 int, 0 impl, 52 cont) and 49 constraints
     49 constraints of type <linear>
Presolving Time: 0.15

 time | node  | left  |LP iter|LP it/n|mem/heur|mdpt |vars |cons |rows |cuts |sepa|confs|strbr|  dualbound   | primalbound  |  gap   | compl. 
p 0.2s|     1 |     0 |    40 |     - |   locks|   0 |  61 |  49 |  49 |   0 |  0 |   0 |   0 | 3.416839e+06 | 5.070170e+05 | 573.91%| unknown
  0.2s|     1 |     0 |    86 |     - |    84M |   0 |  61 |  49 |  49 |   0 |  0 |   0 |   0 | 5.274615e+05 | 5.070170e+05 |   4.03%| unknown
  0.2s|     1 |     0 |    89 |     - |    84M |   0 |  61 |  49 |  51 |   2 |  1 |   0 |   0 | 5.249017e+05 | 5.070170e+05 |   3.53%| unknown
r 0.2s|     1 |     0 |    89 |     - |shifting|   0 |  61 |  49 |  51 |   2 |  1 |   0 |   0 | 5.249017e+05 | 5.227967e+05 |   0.40%| unknown
  0.3s|     1 |     0 |    90 |     - |    84M |   0 |  61 |  49 |  52 |   3 |  2 |   0 |   0 | 5.241307e+05 | 5.227967e+05 |   0.26%| unknown
  0.3s|     1 |     0 |    91 |     - |    85M |   0 |  61 |  49 |  51 |   3 |  2 |   0 |   0 | 5.227967e+05 | 5.227967e+05 |   0.00%| unknown
  0.3s|     1 |     0 |    91 |     - |    85M |   0 |  61 |  45 |  51 |   3 |  4 |   0 |   0 | 5.227967e+05 | 5.227967e+05 |   0.00%| unknown
* 0.3s|     1 |     0 |    91 |     - |    LP  |   0 |  61 |  45 |  51 |   3 |  6 |   0 |   0 | 5.227967e+05 | 5.227967e+05 |   0.00%| unknown

SCIP Status        : problem is solved [optimal solution found]
Solving Time (sec) : 0.30
Solving Nodes      : 1
Primal Bound       : +5.22796745530526e+05 (3 solutions)
Dual Bound         : +5.22796745530526e+05
Gap                : 0.00 %

primal solution (original space):
=================================

objective value:                     522796.745530521
s#9                                                 1 	(obj:-3660)
s#10                                                1 	(obj:-3660)
s#13                                0.999999999985537 	(obj:-3660)
s#23                                                1 	(obj:-3660)
k#7                                                 1 	(obj:0)
l#7                                                 1 	(obj:0)
x#1#61#3                                          536 	(obj:-4.62235649546828)
x#2#8#1                                           262 	(obj:-11.150896735415)
x#2#8#2                                           251 	(obj:-11.150896735415)
x#2#9#1                                           243 	(obj:-12.0356028862058)
x#2#9#2                                           281 	(obj:-12.0356028862058)
x#2#62#3                             535.999999999965 	(obj:-4.62235649546828)
x#3#9#1                                           262 	(obj:-12.0356028862058)
x#3#9#2                                           251 	(obj:-12.0356028862058)
x#3#10#1                                          243 	(obj:-12.9288727928426)
x#3#10#2                                          281 	(obj:-12.9288727928426)
x#3#63#3                             535.999999999965 	(obj:-4.62235649546828)
x#4#10#1                                          262 	(obj:-12.9288727928426)
x#4#10#2                                          251 	(obj:-12.9288727928426)
x#4#11#1                                          243 	(obj:-13.8306429939341)
x#4#11#2                                          281 	(obj:-13.8306429939341)
x#4#64#3                             535.999999999965 	(obj:-4.62235649546828)
x#5#11#1                                          262 	(obj:-13.8306429939341)
x#5#11#2                                          251 	(obj:-13.8306429939341)
x#5#12#1                                          243 	(obj:-14.7408500280891)
x#5#12#2                                          281 	(obj:-14.7408500280891)
x#5#65#3                             535.999999999965 	(obj:-4.62235649546828)
x#6#12#1                                          262 	(obj:-14.7408500280891)
x#6#12#2                                          251 	(obj:-14.7408500280891)
x#6#13#1                                          243 	(obj:-15.6594304339164)
x#6#13#2                                          281 	(obj:-15.6594304339164)
x#6#66#3                             535.999999999965 	(obj:-4.62235649546828)
x#7#0#1                              230.479999999985 	(obj:-45.9802844510504)
x#7#0#2                              230.479999999985 	(obj:-45.9802844510504)
x#7#13#1                                          262 	(obj:-15.6594304339164)
x#7#13#2                                          251 	(obj:-15.6594304339164)
x#7#14#1                                          243 	(obj:-16.5863207500249)
x#7#14#2                                          281 	(obj:-16.5863207500249)
x#7#67#3                             535.999999999965 	(obj:-4.62235649546828)
x#8#1#1                              230.479999999985 	(obj:-5.24254779799416)
x#8#1#2                              230.479999999985 	(obj:-5.24254779799416)
x#8#14#1                                          262 	(obj:-16.5863207500249)
x#8#14#2                                          251 	(obj:-16.5863207500249)
x#8#15#1                                          243 	(obj:-19.2736032665258)
x#8#15#2                                          281 	(obj:-17.5214575150235)
x#8#68#3                             443.808000000006 	(obj:-4.62235649546828)
x#9#2#1                              230.479999999985 	(obj:-6.05421092486207)
x#9#2#2                              230.479999999985 	(obj:-6.05421092486207)
x#9#15#1                                          262 	(obj:-19.2736032665258)
x#9#15#2                                          251 	(obj:-17.5214575150235)
x#9#16#1                                          243 	(obj:-20.3112549942729)
x#9#16#2                                          281 	(obj:-18.4647772675209)
x#9#69#3                             443.808000000006 	(obj:-4.62235649546828)
x#10#3#1                             230.479999999985 	(obj:-6.87550949817744)
x#10#3#2                             230.479999999985 	(obj:-6.87550949817744)
x#10#16#1                                         262 	(obj:-20.3112549942729)
x#10#16#2                                         251 	(obj:-18.4647772675209)
x#10#70#3                            443.808000000006 	(obj:-4.62235649546828)
x#11#4#1                             230.479999999985 	(obj:-7.70746468295299)
x#11#4#2                             230.479999999985 	(obj:-7.70746468295299)
x#11#71#3                            443.808000000006 	(obj:-4.62235649546828)
x#12#5#1                             230.479999999985 	(obj:-8.55109764420144)
x#12#5#2                             230.479999999985 	(obj:-8.55109764420144)
x#12#72#3                            443.808000000006 	(obj:-4.62235649546828)
x#13#6#1                             230.479999999985 	(obj:-9.4074295469355)
x#13#6#2                             230.479999999985 	(obj:-9.4074295469355)
x#13#73#3                            443.808000000006 	(obj:-4.62235649546828)
x#14#7#1                             230.479999999985 	(obj:-10.2748178018611)
x#14#7#2                             161.335999999989 	(obj:-10.2748178018611)
x#14#74#3                            443.808000000006 	(obj:-4.62235649546828)
x#15#8#1                             230.479999999985 	(obj:-11.150896735415)
x#15#8#2                             161.335999999989 	(obj:-11.150896735415)
x#15#75#3                            443.808000000006 	(obj:-4.62235649546828)
x#16#9#1                             230.479999999985 	(obj:-12.0356028862058)
x#16#9#2                             161.335999999989 	(obj:-12.0356028862058)
x#16#76#3                            443.808000000006 	(obj:-4.62235649546828)
x#17#10#1                            230.479999999985 	(obj:-12.9288727928426)
x#17#10#2                            161.335999999989 	(obj:-12.9288727928426)
x#17#77#3                            443.808000000006 	(obj:-4.62235649546828)
x#18#11#1                            230.479999999985 	(obj:-13.8306429939341)
x#18#11#2                            161.335999999989 	(obj:-13.8306429939341)
x#18#78#3                            443.808000000006 	(obj:-4.62235649546828)
x#19#0#1                             190.837440000003 	(obj:-45.9802844510504)
x#19#0#2                             190.837440000003 	(obj:-45.9802844510504)
x#19#12#1                            230.479999999985 	(obj:-14.7408500280891)
x#19#12#2                            69.1439999999955 	(obj:-14.7408500280891)
x#19#12#3                             92.191999999994 	(obj:0)
x#19#79#3                            443.808000000006 	(obj:-4.62235649546828)
x#20#1#1                             190.837440000003 	(obj:-5.24254779799416)
x#20#1#2                             190.837440000003 	(obj:-5.24254779799416)
x#20#13#1                            230.479999999985 	(obj:-15.6594304339164)
x#20#13#2                            69.1439999999955 	(obj:-15.6594304339164)
x#20#13#3                             92.191999999994 	(obj:-4.62235649546828)
x#20#80#3                            443.808000000006 	(obj:-4.62235649546828)
x#21#2#1                             190.837440000003 	(obj:-6.05421092486207)
x#21#2#2                             190.837440000003 	(obj:-6.05421092486207)
x#21#14#1                            230.479999999985 	(obj:-16.5863207500249)
x#21#14#2                            69.1439999999955 	(obj:-16.5863207500249)
x#21#14#3                             92.191999999994 	(obj:-4.62235649546828)
x#21#81#3                            443.808000000006 	(obj:-4.62235649546828)
x#22#3#1                             190.837440000003 	(obj:-6.87550949817744)
x#22#3#2                             190.837440000003 	(obj:-6.87550949817744)
x#22#15#1                            230.479999999985 	(obj:-19.2736032665258)
x#22#15#2                            69.1439999999955 	(obj:-17.5214575150235)
x#22#15#3                             92.191999999994 	(obj:-4.62235649546828)
x#22#82#3                            443.808000000006 	(obj:-4.62235649546828)
x#23#4#1                             190.837440000003 	(obj:-7.70746468295299)
x#23#4#2                             190.837440000003 	(obj:-7.70746468295299)
x#23#16#1                            230.479999999985 	(obj:-20.3112549942729)
x#23#16#2                            69.1439999999955 	(obj:-18.4647772675209)
x#23#16#3                             92.191999999994 	(obj:-4.62235649546828)
x#23#83#3                            443.808000000006 	(obj:-4.62235649546828)
x#24#5#1                             190.837440000003 	(obj:-8.55109764420144)
x#24#5#2                             190.837440000003 	(obj:-8.55109764420144)
x#24#17#3                             92.191999999994 	(obj:-4.62235649546828)
x#24#84#3                            443.808000000006 	(obj:-4.62235649546828)
x#0#6#1                                           262 	(obj:0)
x#0#6#2                                           251 	(obj:0)
x#0#7#1                                           243 	(obj:0)
x#0#7#2                                           281 	(obj:0)
x#0#60#3                                          536 	(obj:0)
y#7#67#3                             92.1919999999592 	(obj:157)
y#9#16#1                                          243 	(obj:550)
y#9#16#2                                          281 	(obj:688)
y#10#16#1                                         262 	(obj:550)
y#10#16#2                                         251 	(obj:688)
y#13#6#2                             69.1439999999955 	(obj:369)
y#23#16#1                            230.479999999985 	(obj:550)
y#23#16#2                            69.1439999999955 	(obj:688)
w#18#11                               92.191999999994 	(obj:0)
n#7#1                                230.479999999985 	(obj:0)
n#7#2                                230.479999999985 	(obj:0)
n#19#1                               190.837440000003 	(obj:0)
n#19#2                               190.837440000003 	(obj:0)
x#1#7#1                                           262 	(obj:-10.2748178018611)
x#1#7#2                                           251 	(obj:-10.2748178018611)
x#1#8#1                                           243 	(obj:-11.150896735415)
x#1#8#2                                           281 	(obj:-11.150896735415)

Statistics
==========

SCIP Status        : problem is solved [optimal solution found]
Total Time         :       0.76
  solving          :       0.30
  presolving       :       0.15 (included in solving)
  reading          :       0.46
  copying          :       0.01 (1 #copies) (minimal 0.01, maximal 0.01, average 0.01)
Original Problem   :
  Problem name     : model_strategy_2eng.zpl
  Variables        : 21497 (72 binary, 0 integer, 0 implicit integer, 21425 continuous)
  Constraints      : 30239 initial, 30239 maximal
  Objective        : maximize, 11376 non-zeros (abs.min = 4.62236, abs.max = 3660)
Presolved Problem  :
  Problem name     : t_model_strategy_2eng.zpl
  Variables        : 61 (9 binary, 0 integer, 0 implicit integer, 52 continuous)
  Constraints      : 49 initial, 49 maximal
  Objective        : minimize, 61 non-zeros (abs.min = 10.2748, abs.max = 3660)
  Nonzeros         : 155 constraint, 0 clique table
Presolvers         :   ExecTime  SetupTime  Calls  FixedVars   AggrVars   ChgTypes  ChgBounds   AddHoles    DelCons    AddCons   ChgSides   ChgCoefs
  boundshift       :       0.00       0.00      0          0          0          0          0          0          0          0          0          0
  convertinttobin  :       0.00       0.00      0          0          0          0          0          0          0          0          0          0
  domcol           :       0.00       0.00      2          0          0          0          0          0          0          0          0          0
  dualagg          :       0.00       0.00      0          0          0          0          0          0          0          0          0          0
  dualcomp         :       0.00       0.00      2          0          0          0          0          0          0          0          0          0
  dualinfer        :       0.00       0.00      0          0          0          0          0          0          0          0          0          0
  dualsparsify     :       0.00       0.00      1          0          0          0          0          0          0          0          0          0
  gateextraction   :       0.00       0.00      0          0          0          0          0          0          0          0          0          0
  implics          :       0.00       0.00      3          0          0          0          0          0          0          0          0          0
  inttobinary      :       0.00       0.00      0          0          0          0          0          0          0          0          0          0
  milp             :       0.00       0.00      0          0          0          0          0          0          0          0          0          0
  qpkktref         :       0.00       0.00      0          0          0          0          0          0          0          0          0          0
  redvub           :       0.00       0.00      0          0          0          0          0          0          0          0          0          0
  sparsify         :       0.00       0.00      1          0          0          0          0          0          0          0          0          0
  stuffing         :       0.00       0.00      0          0          0          0          0          0          0          0          0          0
  trivial          :       0.00       0.00     15          0          0          0          0          0          0          0          0          0
  tworowbnd        :       0.00       0.00      0          0          0          0          0          0          0          0          0          0
  dualfix          :       0.00       0.00     15         53          0          0          0          0          0          0          0          0
  genvbounds       :       0.00       0.00      0          0          0          0          0          0          0          0          0          0
  probing          :       0.01       0.00      2          3          0          0          1          0          0          0          0          0
  pseudoobj        :       0.00       0.00      0          0          0          0          0          0          0          0          0          0
  symmetry         :       0.00       0.00      1          0          0          0          0          0          0          0          0          0
  vbounds          :       0.00       0.00      0          0          0          0          0          0          0          0          0          0
  linear           :       0.08       0.01     18      19500       1880          0      25699          0      30190          0         99         13
  quadratic        :       0.00       0.00     16          0          0          0          6          0          0          0          0          0
  benders          :       0.00       0.00      0          0          0          0          0          0          0          0          0          0
  components       :       0.00       0.00      1          0          0          0          0          0          0          0          0          0
  root node        :          -          -      -          2          -          -          6          -          -          -          -          -
Constraints        :     Number  MaxNumber  #Separate #Propagate    #EnfoLP    #EnfoRelax  #EnfoPS    #Check   #ResProp    Cutoffs    DomReds       Cuts    Applied      Conss   Children
  benderslp        :          0          0          0          0          0          0          0         15          0          0          0          0          0          0          0
  integral         :          0          0          0          0          0          0          0         15          0          0          0          0          0          0          0
  linear           :         49         49          4         79          0          0          0          9          0          3          4          0          0          0          0
  benders          :          0          0          0          0          0          0          0          4          0          0          0          0          0          0          0
  countsols        :          0          0          0          0          0          0          0          4          0          0          0          0          0          0          0
  components       :          0          0          0          0          0          0          0          0          0          0          0          0          0          0          0
Constraint Timings :  TotalTime  SetupTime   Separate  Propagate     EnfoLP     EnfoPS     EnfoRelax   Check    ResProp    SB-Prop
  benderslp        :       0.00       0.00       0.00       0.00       0.00       0.00       0.00       0.00       0.00       0.00
  integral         :       0.00       0.00       0.00       0.00       0.00       0.00       0.00       0.00       0.00       0.00
  linear           :       0.01       0.01       0.00       0.00       0.00       0.00       0.00       0.00       0.00       0.00
  benders          :       0.00       0.00       0.00       0.00       0.00       0.00       0.00       0.00       0.00       0.00
  countsols        :       0.00       0.00       0.00       0.00       0.00       0.00       0.00       0.00       0.00       0.00
  components       :       0.00       0.00       0.00       0.00       0.00       0.00       0.00       0.00       0.00       0.00
Propagators        : #Propagate   #ResProp    Cutoffs    DomReds
  dualfix          :          4          0          0          0
  genvbounds       :          0          0          0          0
  nlobbt           :          0          0          0          0
  obbt             :          0          0          0          0
  probing          :          0          0          0          0
  pseudoobj        :         11          0          0          0
  redcost          :          6          0          0          2
  rootredcost      :          0          0          0          0
  symmetry         :          0          0          0          0
  vbounds          :         19          0          0          0
Propagator Timings :  TotalTime  SetupTime   Presolve  Propagate    ResProp    SB-Prop
  dualfix          :       0.00       0.00       0.00       0.00       0.00       0.00
  genvbounds       :       0.00       0.00       0.00       0.00       0.00       0.00
  nlobbt           :       0.00       0.00       0.00       0.00       0.00       0.00
  obbt             :       0.00       0.00       0.00       0.00       0.00       0.00
  probing          :       0.01       0.00       0.01       0.00       0.00       0.00
  pseudoobj        :       0.00       0.00       0.00       0.00       0.00       0.00
  redcost          :       0.00       0.00       0.00       0.00       0.00       0.00
  rootredcost      :       0.00       0.00       0.00       0.00       0.00       0.00
  symmetry         :       0.00       0.00       0.00       0.00       0.00       0.00
  vbounds          :       0.00       0.00       0.00       0.00       0.00       0.00
Conflict Analysis  :       Time      Calls    Success    DomReds  Conflicts   Literals    Reconvs ReconvLits   Dualrays   Nonzeros   LP Iters   (pool size: [--,--])
  propagation      :       0.00          0          0          -          0        0.0          0        0.0          -          -          -
  infeasible LP    :       0.00          0          0          -          0        0.0          0        0.0          0        0.0          0
  bound exceed. LP :       0.00          0          0          -          0        0.0          0        0.0          0        0.0          0
  strong branching :       0.00          0          0          -          0        0.0          0        0.0          -          -          0
  pseudo solution  :       0.00          0          0          -          0        0.0          0        0.0          -          -          -
  applied globally :       0.00          -          -          0          0        0.0          -          -          0          -          -
  applied locally  :          -          -          -          0          0        0.0          -          -          0          -          -
Separators         :   ExecTime  SetupTime      Calls    Cutoffs    DomReds       Cuts    Applied      Conss
  cut pool         :       0.00                     5          -          -          7          -          -    (maximal pool size: 7)
  aggregation      :       0.01       0.00          2          0          0          1          0          0
  cgmip            :       0.00       0.00          0          0          0          0          0          0
  clique           :       0.00       0.00          1          0          0          0          0          0
  closecuts        :       0.00       0.00          0          0          0          0          0          0
  cmir             :       0.00       0.00          0          0          0          0          0          0
  convexproj       :       0.00       0.00          0          0          0          0          0          0
  disjunctive      :       0.00       0.00          0          0          0          0          0          0
  eccuts           :       0.00       0.00          0          0          0          0          0          0
  flowcover        :       0.00       0.00          0          0          0          0          0          0
  gauge            :       0.00       0.00          0          0          0          0          0          0
  gomory           :       0.00       0.00          2          0          0          2          0          0
  impliedbounds    :       0.00       0.00          2          0          0          4          3          0
  intobj           :       0.00       0.00          0          0          0          0          0          0
  mcf              :       0.00       0.00          1          0          0          0          0          0
  oddcycle         :       0.00       0.00          0          0          0          0          0          0
  rapidlearning    :       0.00       0.00          0          0          0          0          0          0
  strongcg         :       0.00       0.00          2          0          0          0          0          0
  zerohalf         :       0.00       0.00          2          0          0          0          0          0
Pricers            :   ExecTime  SetupTime      Calls       Vars
  problem variables:       0.00          -          0          0
Branching Rules    :   ExecTime  SetupTime   BranchLP  BranchExt   BranchPS    Cutoffs    DomReds       Cuts      Conss   Children
  allfullstrong    :       0.00       0.00          0          0          0          0          0          0          0          0
  cloud            :       0.00       0.00          0          0          0          0          0          0          0          0
  distribution     :       0.00       0.00          0          0          0          0          0          0          0          0
  fullstrong       :       0.00       0.00          0          0          0          0          0          0          0          0
  inference        :       0.00       0.00          0          0          0          0          0          0          0          0
  leastinf         :       0.00       0.00          0          0          0          0          0          0          0          0
  lookahead        :       0.00       0.00          0          0          0          0          0          0          0          0
  mostinf          :       0.00       0.00          0          0          0          0          0          0          0          0
  multaggr         :       0.00       0.00          0          0          0          0          0          0          0          0
  nodereopt        :       0.00       0.00          0          0          0          0          0          0          0          0
  pscost           :       0.00       0.00          0          0          0          0          0          0          0          0
  random           :       0.00       0.00          0          0          0          0          0          0          0          0
  relpscost        :       0.00       0.00          0          0          0          0          0          0          0          0
  vanillafullstrong:       0.00       0.00          0          0          0          0          0          0          0          0
Primal Heuristics  :   ExecTime  SetupTime      Calls      Found       Best
  LP solutions     :       0.00          -          -          1          1
  relax solutions  :       0.00          -          -          0          0
  pseudo solutions :       0.00          -          -          0          0
  strong branching :       0.00          -          -          0          0
  actconsdiving    :       0.00       0.00          0          0          0
  adaptivediving   :       0.00       0.00          0          0          0
  alns             :       0.05       0.00          1          0          0
  bound            :       0.00       0.00          0          0          0
  clique           :       0.00       0.00          0          0          0
  coefdiving       :       0.00       0.00          0          0          0
  completesol      :       0.00       0.00          0          0          0
  conflictdiving   :       0.00       0.00          0          0          0
  crossover        :       0.00       0.00          0          0          0
  dins             :       0.00       0.00          0          0          0
  distributiondivin:       0.00       0.00          0          0          0
  dualval          :       0.00       0.00          0          0          0
  farkasdiving     :       0.00       0.00          0          0          0
  feaspump         :       0.00       0.00          0          0          0
  fixandinfer      :       0.00       0.00          0          0          0
  fracdiving       :       0.00       0.00          0          0          0
  gins             :       0.00       0.00          0          0          0
  guideddiving     :       0.00       0.00          0          0          0
  indicator        :       0.00       0.00          0          0          0
  intdiving        :       0.00       0.00          0          0          0
  intshifting      :       0.00       0.00          0          0          0
  linesearchdiving :       0.00       0.00          0          0          0
  localbranching   :       0.00       0.00          0          0          0
  locks            :       0.02       0.00          1          1          1
  lpface           :       0.00       0.00          0          0          0
  mpec             :       0.00       0.00          0          0          0
  multistart       :       0.00       0.00          0          0          0
  mutation         :       0.00       0.00          0          0          0
  nlpdiving        :       0.00       0.00          0          0          0
  objpscostdiving  :       0.00       0.00          0          0          0
  octane           :       0.00       0.00          0          0          0
  ofins            :       0.00       0.00          0          0          0
  oneopt           :       0.00       0.00          2          0          0
  padm             :       0.00       0.00          0          0          0
  proximity        :       0.00       0.00          0          0          0
  pscostdiving     :       0.00       0.00          0          0          0
  randrounding     :       0.00       0.00          2          0          0
  rens             :       0.00       0.00          0          0          0
  reoptsols        :       0.00       0.00          0          0          0
  repair           :       0.00       0.00          0          0          0
  rins             :       0.00       0.00          0          0          0
  rootsoldiving    :       0.00       0.00          0          0          0
  rounding         :       0.00       0.00          2          0          0
  shiftandpropagate:       0.00       0.00          0          0          0
  shifting         :       0.00       0.00          2          1          1
  simplerounding   :       0.00       0.00          0          0          0
  subnlp           :       0.00       0.00          0          0          0
  trivial          :       0.03       0.00          2          0          0
  trivialnegation  :       0.00       0.00          0          0          0
  trustregion      :       0.00       0.00          0          0          0
  trysol           :       0.00       0.00          0          0          0
  twoopt           :       0.00       0.00          0          0          0
  undercover       :       0.00       0.00          0          0          0
  vbounds          :       0.00       0.00          0          0          0
  veclendiving     :       0.00       0.00          0          0          0
  zeroobj          :       0.00       0.00          0          0          0
  zirounding       :       0.00       0.00          0          0          0
  other solutions  :          -          -          -          0          -
Diving (single)    :      Calls      Nodes   LP Iters Backtracks  Conflicts   MinDepth   MaxDepth   AvgDepth  RoundSols  NLeafSols  MinSolDpt  MaxSolDpt  AvgSolDpt
  actconsdiving    :          0          -          -          -          -          -          -          -          -          -          -          -          -
  coefdiving       :          0          -          -          -          -          -          -          -          -          -          -          -          -
  conflictdiving   :          0          -          -          -          -          -          -          -          -          -          -          -          -
  distributiondivin:          0          -          -          -          -          -          -          -          -          -          -          -          -
  farkasdiving     :          0          -          -          -          -          -          -          -          -          -          -          -          -
  fracdiving       :          0          -          -          -          -          -          -          -          -          -          -          -          -
  guideddiving     :          0          -          -          -          -          -          -          -          -          -          -          -          -
  linesearchdiving :          0          -          -          -          -          -          -          -          -          -          -          -          -
  pscostdiving     :          0          -          -          -          -          -          -          -          -          -          -          -          -
  veclendiving     :          0          -          -          -          -          -          -          -          -          -          -          -          -
Diving (adaptive)  :      Calls      Nodes   LP Iters Backtracks  Conflicts   MinDepth   MaxDepth   AvgDepth  RoundSols  NLeafSols  MinSolDpt  MaxSolDpt  AvgSolDpt
  actconsdiving    :          0          -          -          -          -          -          -          -          -          -          -          -          -
  coefdiving       :          0          -          -          -          -          -          -          -          -          -          -          -          -
  conflictdiving   :          0          -          -          -          -          -          -          -          -          -          -          -          -
  distributiondivin:          0          -          -          -          -          -          -          -          -          -          -          -          -
  farkasdiving     :          0          -          -          -          -          -          -          -          -          -          -          -          -
  fracdiving       :          0          -          -          -          -          -          -          -          -          -          -          -          -
  guideddiving     :          0          -          -          -          -          -          -          -          -          -          -          -          -
  linesearchdiving :          0          -          -          -          -          -          -          -          -          -          -          -          -
  pscostdiving     :          0          -          -          -          -          -          -          -          -          -          -          -          -
  veclendiving     :          0          -          -          -          -          -          -          -          -          -          -          -          -
Neighborhoods      :      Calls  SetupTime  SolveTime SolveNodes       Sols       Best       Exp3  EpsGreedy        UCB TgtFixRate  Opt  Inf Node Stal  Sol  Usr Othr Actv
  rens             :          0       0.00       0.00          0          0          0    0.00000   -1.00000    1.00000      0.900    0    0    0    0    0    0    0    1
  rins             :          0       0.00       0.00          0          0          0    0.00000   -1.00000    1.00000      0.900    0    0    0    0    0    0    0    1
  mutation         :          0       0.00       0.00          0          0          0    0.00000   -1.00000    1.00000      0.900    0    0    0    0    0    0    0    1
  localbranching   :          1       0.01       0.03          0          0          0    0.00000   -1.00000    1.00000      0.700    0    1    0    0    0    0    0    1
  crossover        :          0       0.00       0.00          0          0          0    0.00000   -1.00000    1.00000      0.900    0    0    0    0    0    0    0    1
  proximity        :          0       0.00       0.00          0          0          0    0.00000   -1.00000    1.00000      0.900    0    0    0    0    0    0    0    1
  zeroobjective    :          0       0.00       0.00          0          0          0    0.00000   -1.00000    1.00000      0.900    0    0    0    0    0    0    0    1
  dins             :          0       0.00       0.00          0          0          0    0.00000   -1.00000    1.00000      0.900    0    0    0    0    0    0    0    1
  trustregion      :          0       0.00       0.00          0          0          0    0.00000   -1.00000    1.00000      0.900    0    0    0    0    0    0    0    0
LP                 :       Time      Calls Iterations  Iter/call   Iter/sec  Time-0-It Calls-0-It    ItLimit
  primal LP        :       0.00          0          0       0.00          -       0.00          0
  dual LP          :       0.00          5         51      12.75          -       0.00          1
  lex dual LP      :       0.00          0          0       0.00          -
  barrier LP       :       0.00          0          0       0.00          -       0.00          0
  resolve instable :       0.00          0          0       0.00          -
  diving/probing LP:       0.01          1         40      40.00    3552.71
  strong branching :       0.00          0          0       0.00          -          -          -          0
    (at root node) :          -          0          0       0.00          -
  conflict analysis:       0.00          0          0       0.00          -
B&B Tree           :
  number of runs   :          1
  nodes            :          1 (0 internal, 1 leaves)
  feasible leaves  :          0
  infeas. leaves   :          0
  objective leaves :          0
  nodes (total)    :          1 (0 internal, 1 leaves)
  nodes left       :          0
  max depth        :          0
  max depth (total):          0
  backtracks       :          0 (0.0%)
  early backtracks :          0 (0.0%)
  nodes exc. ref.  :          0 (0.0%)
  delayed cutoffs  :          0
  repropagations   :          0 (0 domain reductions, 0 cutoffs)
  avg switch length:       2.00
  switching time   :       0.00
Estim. Tree Size   :          1
Estimation Tree    : 1 nodes (1 visited, 0 internal, 1 leaves, 0 open), weight: 1.0000 completed 1.0000
Estimations        :      estim      value      trend resolution     smooth
  wbe              :          1          -          -          -          -
  tree-profile     :         -1          -          -          -          -
  gap              :          1    1.00000    1.00000          1          1
  tree-weight      :          1    1.00000    1.00000          1          1
  leaf-frequency   :          1    0.50000    1.00000          1          1
  ssg              :          1    0.00000   -1.00000          1          1
  open-nodes       :          1    0.00000    0.00000          1          1
Root Node          :
  First LP value   : +5.27461541910567e+05
  First LP Iters   :         46 (176923.08 Iter/sec)
  First LP Time    :       0.00
  Final Dual Bound : +5.22796745530526e+05
  Final Root Iters :         51
  Root LP Estimate : +5.22796745530526e+05
Solution           :
  Solutions found  :          3 (3 improvements)
  First Solution   : +5.07017012906690e+05   (in run 1, after 1 nodes, 0.22 seconds, depth 10, found by <locks>)
  Gap First Sol.   :     573.91 %
  Gap Last Sol.    :       0.00 %
  Primal Bound     : +5.22796745530526e+05   (in run 1, after 1 nodes, 0.30 seconds, depth 0, found by <relaxation>)
  Dual Bound       : +5.22796745530526e+05
  Gap              :       0.00 %
Integrals          :      Total       Avg%
  primal-dual      :      22.86      75.22
  primal-ref       :          -          - (not evaluated)
  dual-ref         :          -          - (not evaluated)
